aagk80gpu06.rc.fas.harvard.edu
0
Grid is 32 by 32

Error at t* = 0.00000 is 2.353905e-17
Error at t* = 0.00026 is 1.691722e-01
Error at t* = 0.00052 is 2.617906e-01
Error at t* = 0.00078 is 3.099613e-01
Error at t* = 0.00104 is 3.344808e-01
Error at t* = 0.00130 is 3.466352e-01
Error at t* = 0.00156 is 3.522399e-01
Error at t* = 0.00182 is 3.543768e-01
Error at t* = 0.00208 is 3.546726e-01
Error at t* = 0.00234 is 3.539896e-01
Error at t* = 0.00260 is 3.527878e-01
Error at t* = 0.00286 is 3.513112e-01
Error at t* = 0.00312 is 3.496917e-01
Error at t* = 0.00338 is 3.479985e-01
Error at t* = 0.00364 is 3.462701e-01
Error at t* = 0.00390 is 3.445261e-01
Error at t* = 0.00416 is 3.427782e-01
Error at t* = 0.00442 is 3.410316e-01
Error at t* = 0.00468 is 3.392902e-01
Error at t* = 0.00494 is 3.375552e-01
Error at t* = 0.00520 is 3.358281e-01
Error at t* = 0.00546 is 3.341089e-01
Error at t* = 0.00572 is 3.323983e-01
Error at t* = 0.00598 is 3.306960e-01
Error at t* = 0.00624 is 3.290025e-01
Error at t* = 0.00650 is 3.273174e-01
Error at t* = 0.00676 is 3.256410e-01
Error at t* = 0.00702 is 3.239731e-01
Error at t* = 0.00728 is 3.223138e-01
Error at t* = 0.00754 is 3.206629e-01
Error at t* = 0.00780 is 3.190206e-01
Error at t* = 0.00806 is 3.173865e-01
Error at t* = 0.00832 is 3.157609e-01
Error at t* = 0.00858 is 3.141436e-01
Error at t* = 0.00884 is 3.125346e-01
Error at t* = 0.00911 is 3.109338e-01
Error at t* = 0.00937 is 3.093413e-01
Error at t* = 0.00963 is 3.077568e-01
Error at t* = 0.00989 is 3.061805e-01
Error at t* = 0.01015 is 3.046123e-01
Error at t* = 0.01041 is 3.030521e-01
Error at t* = 0.01067 is 3.014999e-01
Error at t* = 0.01093 is 2.999556e-01
Error at t* = 0.01119 is 2.984193e-01
Error at t* = 0.01145 is 2.968908e-01
Error at t* = 0.01171 is 2.953702e-01
Error at t* = 0.01197 is 2.938573e-01
Error at t* = 0.01223 is 2.923522e-01
Error at t* = 0.01249 is 2.908548e-01
Error at t* = 0.01275 is 2.893651e-01
Error at t* = 0.01301 is 2.878830e-01
Error at t* = 0.01327 is 2.864084e-01
Error at t* = 0.01353 is 2.849415e-01
Error at t* = 0.01379 is 2.834820e-01
Error at t* = 0.01405 is 2.820301e-01
Error at t* = 0.01431 is 2.805855e-01
Error at t* = 0.01457 is 2.791484e-01
Error at t* = 0.01483 is 2.777186e-01
Error at t* = 0.01509 is 2.762962e-01
Error at t* = 0.01535 is 2.748810e-01
Error at t* = 0.01561 is 2.734731e-01
Error at t* = 0.01587 is 2.720724e-01
Error at t* = 0.01613 is 2.706789e-01
Error at t* = 0.01639 is 2.692925e-01
Error at t* = 0.01665 is 2.679132e-01
Error at t* = 0.01691 is 2.665410e-01
Error at t* = 0.01717 is 2.651758e-01
Error at t* = 0.01743 is 2.638176e-01
Error at t* = 0.01769 is 2.624663e-01
Error at t* = 0.01795 is 2.611220e-01
Error at t* = 0.01821 is 2.597845e-01
Error at t* = 0.01847 is 2.584539e-01
Error at t* = 0.01873 is 2.571302e-01
Error at t* = 0.01899 is 2.558132e-01
Error at t* = 0.01925 is 2.545029e-01
Error at t* = 0.01951 is 2.531994e-01
Error at t* = 0.01977 is 2.519025e-01
Error at t* = 0.02003 is 2.506123e-01
Error at t* = 0.02029 is 2.493287e-01
Error at t* = 0.02055 is 2.480516e-01
Error at t* = 0.02081 is 2.467811e-01
Error at t* = 0.02107 is 2.455172e-01
Error at t* = 0.02133 is 2.442596e-01
Error at t* = 0.02159 is 2.430086e-01
Error at t* = 0.02185 is 2.417639e-01
Error at t* = 0.02211 is 2.405256e-01
Error at t* = 0.02237 is 2.392937e-01
Error at t* = 0.02263 is 2.380680e-01
Error at t* = 0.02289 is 2.368486e-01
Error at t* = 0.02315 is 2.356355e-01
Error at t* = 0.02341 is 2.344286e-01
Error at t* = 0.02367 is 2.332279e-01
Error at t* = 0.02393 is 2.320333e-01
Error at t* = 0.02419 is 2.308449e-01
Error at t* = 0.02445 is 2.296625e-01
Error at t* = 0.02471 is 2.284862e-01
Error at t* = 0.02497 is 2.273159e-01
Error at t* = 0.02523 is 2.261516e-01
Error at t* = 0.02549 is 2.249933e-01
Error at t* = 0.02575 is 2.238409e-01
Error at t* = 0.02601 is 2.226944e-01
Error at t* = 0.02627 is 2.215538e-01
Error at t* = 0.02653 is 2.204190e-01
Error at t* = 0.02680 is 2.192901e-01
Error at t* = 0.02706 is 2.181669e-01
Error at t* = 0.02732 is 2.170494e-01
Error at t* = 0.02758 is 2.159377e-01
Error at t* = 0.02784 is 2.148317e-01
Error at t* = 0.02810 is 2.137314e-01
Error at t* = 0.02836 is 2.126367e-01
Error at t* = 0.02862 is 2.115476e-01
Error at t* = 0.02888 is 2.104640e-01
Error at t* = 0.02914 is 2.093860e-01
Error at t* = 0.02940 is 2.083136e-01
Error at t* = 0.02966 is 2.072466e-01
Error at t* = 0.02992 is 2.061851e-01
Error at t* = 0.03018 is 2.051291e-01
Error at t* = 0.03044 is 2.040784e-01
Error at t* = 0.03070 is 2.030331e-01
Error at t* = 0.03096 is 2.019932e-01
Error at t* = 0.03122 is 2.009586e-01
Error at t* = 0.03148 is 1.999293e-01
Error at t* = 0.03174 is 1.989053e-01
Error at t* = 0.03200 is 1.978866e-01
Error at t* = 0.03226 is 1.968730e-01
Error at t* = 0.03252 is 1.958646e-01
Error at t* = 0.03278 is 1.948614e-01
Error at t* = 0.03304 is 1.938634e-01
Error at t* = 0.03330 is 1.928704e-01
Error at t* = 0.03356 is 1.918826e-01
Error at t* = 0.03382 is 1.908997e-01
Error at t* = 0.03408 is 1.899220e-01
Error at t* = 0.03434 is 1.889492e-01
Error at t* = 0.03460 is 1.879814e-01
Error at t* = 0.03486 is 1.870186e-01
Error at t* = 0.03512 is 1.860607e-01
Error at t* = 0.03538 is 1.851077e-01
Error at t* = 0.03564 is 1.841596e-01
Error at t* = 0.03590 is 1.832164e-01
Error at t* = 0.03616 is 1.822780e-01
Error at t* = 0.03642 is 1.813444e-01
Error at t* = 0.03668 is 1.804155e-01
Error at t* = 0.03694 is 1.794915e-01
Error at t* = 0.03720 is 1.785721e-01
Error at t* = 0.03746 is 1.776575e-01
Error at t* = 0.03772 is 1.767475e-01
Error at t* = 0.03798 is 1.758423e-01
Error at t* = 0.03824 is 1.749416e-01
Error at t* = 0.03850 is 1.740456e-01
Error at t* = 0.03876 is 1.731541e-01
Error at t* = 0.03902 is 1.722672e-01
Error at t* = 0.03928 is 1.713849e-01
Error at t* = 0.03954 is 1.705071e-01
Error at t* = 0.03980 is 1.696338e-01
Error at t* = 0.04006 is 1.687649e-01
Error at t* = 0.04032 is 1.679005e-01
Error at t* = 0.04058 is 1.670406e-01
Error at t* = 0.04084 is 1.661850e-01
Error at t* = 0.04110 is 1.653338e-01
Error at t* = 0.04136 is 1.644870e-01
Error at t* = 0.04162 is 1.636445e-01
Error at t* = 0.04188 is 1.628063e-01
Error at t* = 0.04214 is 1.619724e-01
Error at t* = 0.04240 is 1.611428e-01
Error at t* = 0.04266 is 1.603175e-01
Error at t* = 0.04292 is 1.594963e-01
Error at t* = 0.04318 is 1.586794e-01
Error at t* = 0.04344 is 1.578667e-01
Error at t* = 0.04370 is 1.570581e-01
Error at t* = 0.04396 is 1.562537e-01
Error at t* = 0.04422 is 1.554533e-01
Error at t* = 0.04448 is 1.546571e-01
Error at t* = 0.04475 is 1.538650e-01
Error at t* = 0.04501 is 1.530769e-01
Error at t* = 0.04527 is 1.522929e-01
Error at t* = 0.04553 is 1.515128e-01
Error at t* = 0.04579 is 1.507368e-01
Error at t* = 0.04605 is 1.499647e-01
Error at t* = 0.04631 is 1.491966e-01
Error at t* = 0.04657 is 1.484325e-01
Error at t* = 0.04683 is 1.476722e-01
Error at t* = 0.04709 is 1.469158e-01
Error at t* = 0.04735 is 1.461633e-01
Error at t* = 0.04761 is 1.454147e-01
Error at t* = 0.04787 is 1.446699e-01
Error at t* = 0.04813 is 1.439289e-01
Error at t* = 0.04839 is 1.431917e-01
Error at t* = 0.04865 is 1.424583e-01
Error at t* = 0.04891 is 1.417287e-01
Error at t* = 0.04917 is 1.410027e-01
Error at t* = 0.04943 is 1.402805e-01
Error at t* = 0.04969 is 1.395620e-01
Error at t* = 0.04995 is 1.388472e-01
Error at t* = 0.05021 is 1.381360e-01
Error at t* = 0.05047 is 1.374285e-01
Error at t* = 0.05073 is 1.367246e-01
Error at t* = 0.05099 is 1.360243e-01
Error at t* = 0.05125 is 1.353276e-01
Error at t* = 0.05151 is 1.346345e-01
Error at t* = 0.05177 is 1.339449e-01
Error at t* = 0.05203 is 1.332589e-01
Error at t* = 0.05229 is 1.325763e-01
Error at t* = 0.05255 is 1.318973e-01
Error at t* = 0.05281 is 1.312217e-01
Error at t* = 0.05307 is 1.305496e-01
Error at t* = 0.05333 is 1.298809e-01
Error at t* = 0.05359 is 1.292157e-01
Error at t* = 0.05385 is 1.285539e-01
Error at t* = 0.05411 is 1.278954e-01
Error at t* = 0.05437 is 1.272404e-01
Error at t* = 0.05463 is 1.265886e-01
Error at t* = 0.05489 is 1.259403e-01
Error at t* = 0.05515 is 1.252952e-01
Error at t* = 0.05541 is 1.246535e-01
Error at t* = 0.05567 is 1.240150e-01
Error at t* = 0.05593 is 1.233798e-01
Error at t* = 0.05619 is 1.227479e-01
Error at t* = 0.05645 is 1.221192e-01
Error at t* = 0.05671 is 1.214937e-01
Error at t* = 0.05697 is 1.208714e-01
Error at t* = 0.05723 is 1.202523e-01
Error at t* = 0.05749 is 1.196364e-01
Error at t* = 0.05775 is 1.190236e-01
Error at t* = 0.05801 is 1.184140e-01
Error at t* = 0.05827 is 1.178075e-01
Error at t* = 0.05853 is 1.172041e-01
Error at t* = 0.05879 is 1.166038e-01
Error at t* = 0.05905 is 1.160065e-01
Error at t* = 0.05931 is 1.154124e-01
Error at t* = 0.05957 is 1.148212e-01
Error at t* = 0.05983 is 1.142331e-01
Error at t* = 0.06009 is 1.136480e-01
Error at t* = 0.06035 is 1.130660e-01
Error at t* = 0.06061 is 1.124868e-01
Error at t* = 0.06087 is 1.119107e-01
Error at t* = 0.06113 is 1.113375e-01
Error at t* = 0.06139 is 1.107672e-01
Error at t* = 0.06165 is 1.101999e-01
Error at t* = 0.06191 is 1.096355e-01
Error at t* = 0.06217 is 1.090739e-01
Error at t* = 0.06243 is 1.085153e-01
Error at t* = 0.06270 is 1.079594e-01
Error at t* = 0.06296 is 1.074065e-01
Error at t* = 0.06322 is 1.068564e-01
Error at t* = 0.06348 is 1.063091e-01
Error at t* = 0.06374 is 1.057645e-01
Error at t* = 0.06400 is 1.052228e-01
Error at t* = 0.06426 is 1.046839e-01
Error at t* = 0.06452 is 1.041477e-01
Error at t* = 0.06478 is 1.036143e-01
Error at t* = 0.06504 is 1.030836e-01
Error at t* = 0.06530 is 1.025556e-01
Error at t* = 0.06556 is 1.020303e-01
Error at t* = 0.06582 is 1.015077e-01
Error at t* = 0.06608 is 1.009878e-01
Error at t* = 0.06634 is 1.004706e-01
Error at t* = 0.06660 is 9.995595e-02
Error at t* = 0.06686 is 9.944399e-02
Error at t* = 0.06712 is 9.893465e-02
Error at t* = 0.06738 is 9.842791e-02
Error at t* = 0.06764 is 9.792377e-02
Error at t* = 0.06790 is 9.742221e-02
Error at t* = 0.06816 is 9.692323e-02
Error at t* = 0.06842 is 9.642679e-02
Error at t* = 0.06868 is 9.593291e-02
Error at t* = 0.06894 is 9.544155e-02
Error at t* = 0.06920 is 9.495271e-02
Error at t* = 0.06946 is 9.446636e-02
Error at t* = 0.06972 is 9.398252e-02
Error at t* = 0.06998 is 9.350115e-02
Error at t* = 0.07024 is 9.302224e-02
Error at t* = 0.07050 is 9.254579e-02
Error at t* = 0.07076 is 9.207178e-02
Error at t* = 0.07102 is 9.160020e-02
Error at t* = 0.07128 is 9.113103e-02
Error at t* = 0.07154 is 9.066426e-02
Error at t* = 0.07180 is 9.019989e-02
Error at t* = 0.07206 is 8.973789e-02
Error at t* = 0.07232 is 8.927827e-02
Error at t* = 0.07258 is 8.882099e-02
Error at t* = 0.07284 is 8.836606e-02
Error at t* = 0.07310 is 8.791345e-02
Error at t* = 0.07336 is 8.746317e-02
Error at t* = 0.07362 is 8.701519e-02
Error at t* = 0.07388 is 8.656951e-02
Error at t* = 0.07414 is 8.612611e-02
Error at t* = 0.07440 is 8.568498e-02
Error at t* = 0.07466 is 8.524611e-02
Error at t* = 0.07492 is 8.480949e-02
Error at t* = 0.07518 is 8.437510e-02
Error at t* = 0.07544 is 8.394294e-02
Error at t* = 0.07570 is 8.351299e-02
Error at t* = 0.07596 is 8.308524e-02
Error at t* = 0.07622 is 8.265969e-02
Error at t* = 0.07648 is 8.223631e-02
Error at t* = 0.07674 is 8.181510e-02
Error at t* = 0.07700 is 8.139606e-02
Error at t* = 0.07726 is 8.097915e-02
Error at t* = 0.07752 is 8.056439e-02
Error at t* = 0.07778 is 8.015174e-02
Error at t* = 0.07804 is 7.974121e-02
Error at t* = 0.07830 is 7.933278e-02
Error at t* = 0.07856 is 7.892645e-02
Error at t* = 0.07882 is 7.852219e-02
Error at t* = 0.07908 is 7.812001e-02
Error at t* = 0.07934 is 7.771989e-02
Error at t* = 0.07960 is 7.732182e-02
Error at t* = 0.07986 is 7.692578e-02
Error at t* = 0.08012 is 7.653177e-02
Error at t* = 0.08039 is 7.613978e-02
Error at t* = 0.08065 is 7.574980e-02
Error at t* = 0.08091 is 7.536182e-02
Error at t* = 0.08117 is 7.497582e-02
Error at t* = 0.08143 is 7.459180e-02
Error at t* = 0.08169 is 7.420975e-02
Error at t* = 0.08195 is 7.382965e-02
Error at t* = 0.08221 is 7.345151e-02
Error at t* = 0.08247 is 7.307529e-02
Error at t* = 0.08273 is 7.270101e-02
Error at t* = 0.08299 is 7.232864e-02
Error at t* = 0.08325 is 7.195818e-02
Error at t* = 0.08351 is 7.158962e-02
Error at t* = 0.08377 is 7.122294e-02
Error at t* = 0.08403 is 7.085814e-02
Error at t* = 0.08429 is 7.049522e-02
Error at t* = 0.08455 is 7.013415e-02
Error at t* = 0.08481 is 6.977493e-02
Error at t* = 0.08507 is 6.941754e-02
Error at t* = 0.08533 is 6.906200e-02
Error at t* = 0.08559 is 6.870826e-02
Error at t* = 0.08585 is 6.835635e-02
Error at t* = 0.08611 is 6.800623e-02
Error at t* = 0.08637 is 6.765791e-02
Error at t* = 0.08663 is 6.731137e-02
Error at t* = 0.08689 is 6.696661e-02
Error at t* = 0.08715 is 6.662361e-02
Error at t* = 0.08741 is 6.628238e-02
Error at t* = 0.08767 is 6.594288e-02
Error at t* = 0.08793 is 6.560513e-02
Error at t* = 0.08819 is 6.526910e-02
Error at t* = 0.08845 is 6.493480e-02
Error at t* = 0.08871 is 6.460221e-02
Error at t* = 0.08897 is 6.427133e-02
Error at t* = 0.08923 is 6.394213e-02
Error at t* = 0.08949 is 6.361463e-02
Error at t* = 0.08975 is 6.328880e-02
Error at t* = 0.09001 is 6.296464e-02
Error at t* = 0.09027 is 6.264214e-02
Error at t* = 0.09053 is 6.232130e-02
Error at t* = 0.09079 is 6.200209e-02
Error at t* = 0.09105 is 6.168452e-02
Error at t* = 0.09131 is 6.136858e-02
Error at t* = 0.09157 is 6.105426e-02
Error at t* = 0.09183 is 6.074154e-02
Error at t* = 0.09209 is 6.043043e-02
Error at t* = 0.09235 is 6.012091e-02
Error at t* = 0.09261 is 5.981298e-02
Error at t* = 0.09287 is 5.950662e-02
Error at t* = 0.09313 is 5.920183e-02
Error at t* = 0.09339 is 5.889860e-02
Error at t* = 0.09365 is 5.859693e-02
Error at t* = 0.09391 is 5.829680e-02
Error at t* = 0.09417 is 5.799821e-02
Error at t* = 0.09443 is 5.770115e-02
Error at t* = 0.09469 is 5.740561e-02
Error at t* = 0.09495 is 5.711158e-02
Error at t* = 0.09521 is 5.681907e-02
Error at t* = 0.09547 is 5.652804e-02
Error at t* = 0.09573 is 5.623851e-02
Error at t* = 0.09599 is 5.595046e-02
Error at t* = 0.09625 is 5.566389e-02
Error at t* = 0.09651 is 5.537878e-02
Error at t* = 0.09677 is 5.509514e-02
Error at t* = 0.09703 is 5.481295e-02
Error at t* = 0.09729 is 5.453220e-02
Error at t* = 0.09755 is 5.425289e-02
Error at t* = 0.09781 is 5.397501e-02
Error at t* = 0.09807 is 5.369856e-02
Error at t* = 0.09834 is 5.342352e-02
Error at t* = 0.09860 is 5.314989e-02
Error at t* = 0.09886 is 5.287766e-02
Error at t* = 0.09912 is 5.260682e-02
Error at t* = 0.09938 is 5.233738e-02
Error at t* = 0.09964 is 5.206931e-02
Error at t* = 0.09990 is 5.180262e-02
Error at t* = 0.10016 is 5.153729e-02
Error at t* = 0.10042 is 5.127332e-02
Error at t* = 0.10068 is 5.101070e-02
Error at t* = 0.10094 is 5.074943e-02
Error at t* = 0.10120 is 5.048949e-02
Error at t* = 0.10146 is 5.023089e-02
Error at t* = 0.10172 is 4.997361e-02
Error at t* = 0.10198 is 4.971766e-02
Error at t* = 0.10224 is 4.946300e-02
Error at t* = 0.10250 is 4.920966e-02
Error at t* = 0.10276 is 4.895761e-02
Error at t* = 0.10302 is 4.870686e-02
Error at t* = 0.10328 is 4.845738e-02
Error at t* = 0.10354 is 4.820919e-02
Error at t* = 0.10380 is 4.796227e-02
Error at t* = 0.10406 is 4.771661e-02
Error at t* = 0.10432 is 4.747221e-02
Error at t* = 0.10458 is 4.722906e-02
Error at t* = 0.10484 is 4.698716e-02
Error at t* = 0.10510 is 4.674650e-02
Error at t* = 0.10536 is 4.650706e-02
Error at t* = 0.10562 is 4.626886e-02
Error at t* = 0.10588 is 4.603187e-02
Error at t* = 0.10614 is 4.579610e-02
Error at t* = 0.10640 is 4.556154e-02
Error at t* = 0.10666 is 4.532818e-02
Error at t* = 0.10692 is 4.509601e-02
Error at t* = 0.10718 is 4.486503e-02
Error at t* = 0.10744 is 4.463524e-02
Error at t* = 0.10770 is 4.440662e-02
Error at t* = 0.10796 is 4.417917e-02
Error at t* = 0.10822 is 4.395289e-02
Error at t* = 0.10848 is 4.372777e-02
Error at t* = 0.10874 is 4.350380e-02
Error at t* = 0.10900 is 4.328098e-02
Error at t* = 0.10926 is 4.305930e-02
Error at t* = 0.10952 is 4.283875e-02
Error at t* = 0.10978 is 4.261934e-02
Error at t* = 0.11004 is 4.240104e-02
Error at t* = 0.11030 is 4.218387e-02
Error at t* = 0.11056 is 4.196780e-02
Error at t* = 0.11082 is 4.175285e-02
Error at t* = 0.11108 is 4.153900e-02
Error at t* = 0.11134 is 4.132624e-02
Error at t* = 0.11160 is 4.111457e-02
Error at t* = 0.11186 is 4.090398e-02
Error at t* = 0.11212 is 4.069448e-02
Error at t* = 0.11238 is 4.048604e-02
Error at t* = 0.11264 is 4.027868e-02
Error at t* = 0.11290 is 4.007237e-02
Error at t* = 0.11316 is 3.986713e-02
Error at t* = 0.11342 is 3.966293e-02
Error at t* = 0.11368 is 3.945978e-02
Error at t* = 0.11394 is 3.925767e-02
Error at t* = 0.11420 is 3.905660e-02
Error at t* = 0.11446 is 3.885655e-02
Error at t* = 0.11472 is 3.865753e-02
Error at t* = 0.11498 is 3.845953e-02
Error at t* = 0.11524 is 3.826255e-02
Error at t* = 0.11550 is 3.806657e-02
Error at t* = 0.11576 is 3.787160e-02
Error at t* = 0.11602 is 3.767762e-02
Error at t* = 0.11629 is 3.748464e-02
Error at t* = 0.11655 is 3.729265e-02
Error at t* = 0.11681 is 3.710164e-02
Error at t* = 0.11707 is 3.691161e-02
Error at t* = 0.11733 is 3.672255e-02
Error at t* = 0.11759 is 3.653446e-02
Error at t* = 0.11785 is 3.634733e-02
Error at t* = 0.11811 is 3.616117e-02
Error at t* = 0.11837 is 3.597595e-02
Error at t* = 0.11863 is 3.579169e-02
Error at t* = 0.11889 is 3.560836e-02
Error at t* = 0.11915 is 3.542598e-02
Error at t* = 0.11941 is 3.524453e-02
Error at t* = 0.11967 is 3.506401e-02
Error at t* = 0.11993 is 3.488442e-02
Error at t* = 0.12019 is 3.470574e-02
Error at t* = 0.12045 is 3.452798e-02
Error at t* = 0.12071 is 3.435114e-02
Error at t* = 0.12097 is 3.417519e-02
Error at t* = 0.12123 is 3.400015e-02
Error at t* = 0.12149 is 3.382600e-02
Error at t* = 0.12175 is 3.365275e-02
Error at t* = 0.12201 is 3.348038e-02
Error at t* = 0.12227 is 3.330890e-02
Error at t* = 0.12253 is 3.313829e-02
Error at t* = 0.12279 is 3.296857e-02
Error at t* = 0.12305 is 3.279970e-02
Error at t* = 0.12331 is 3.263171e-02
Error at t* = 0.12357 is 3.246457e-02
Error at t* = 0.12383 is 3.229829e-02
Error at t* = 0.12409 is 3.213286e-02
Error at t* = 0.12435 is 3.196828e-02
Error at t* = 0.12461 is 3.180454e-02
Error at t* = 0.12487 is 3.164164e-02
Error at t* = 0.12513 is 3.147957e-02
Error at t* = 0.12539 is 3.131834e-02
Error at t* = 0.12565 is 3.115793e-02
Error at t* = 0.12591 is 3.099834e-02
Error at t* = 0.12617 is 3.083957e-02
Error at t* = 0.12643 is 3.068161e-02
Error at t* = 0.12669 is 3.052446e-02
Error at t* = 0.12695 is 3.036812e-02
Error at t* = 0.12721 is 3.021258e-02
Error at t* = 0.12747 is 3.005783e-02
Error at t* = 0.12773 is 2.990388e-02
Error at t* = 0.12799 is 2.975071e-02
Error at t* = 0.12825 is 2.959833e-02
Error at t* = 0.12851 is 2.944673e-02
Error at t* = 0.12877 is 2.929591e-02
Error at t* = 0.12903 is 2.914586e-02
Error at t* = 0.12929 is 2.899658e-02
Error at t* = 0.12955 is 2.884806e-02
Error at t* = 0.12981 is 2.870030e-02
Error at t* = 0.13007 is 2.855330e-02
Error at t* = 0.13033 is 2.840705e-02
Error at t* = 0.13059 is 2.826156e-02
Error at t* = 0.13085 is 2.811680e-02
Error at t* = 0.13111 is 2.797279e-02
Error at t* = 0.13137 is 2.782952e-02
Error at t* = 0.13163 is 2.768698e-02
Error at t* = 0.13189 is 2.754517e-02
Error at t* = 0.13215 is 2.740408e-02
Error at t* = 0.13241 is 2.726372e-02
Error at t* = 0.13267 is 2.712408e-02
Error at t* = 0.13293 is 2.698515e-02
Error at t* = 0.13319 is 2.684694e-02
Error at t* = 0.13345 is 2.670943e-02
Error at t* = 0.13371 is 2.657263e-02
Error at t* = 0.13398 is 2.643652e-02
Error at t* = 0.13424 is 2.630112e-02
Error at t* = 0.13450 is 2.616641e-02
Error at t* = 0.13476 is 2.603238e-02
Error at t* = 0.13502 is 2.589905e-02
Error at t* = 0.13528 is 2.576640e-02
Error at t* = 0.13554 is 2.563442e-02
Error at t* = 0.13580 is 2.550313e-02
Error at t* = 0.13606 is 2.537250e-02
Error at t* = 0.13632 is 2.524255e-02
Error at t* = 0.13658 is 2.511325e-02
Error at t* = 0.13684 is 2.498463e-02
Error at t* = 0.13710 is 2.485666e-02
Error at t* = 0.13736 is 2.472935e-02
Error at t* = 0.13762 is 2.460268e-02
Error at t* = 0.13788 is 2.447667e-02
Error at t* = 0.13814 is 2.435130e-02
Error at t* = 0.13840 is 2.422658e-02
Error at t* = 0.13866 is 2.410249e-02
Error at t* = 0.13892 is 2.397904e-02
Error at t* = 0.13918 is 2.385622e-02
Error at t* = 0.13944 is 2.373403e-02
Error at t* = 0.13970 is 2.361247e-02
Error at t* = 0.13996 is 2.349153e-02
Error at t* = 0.14022 is 2.337121e-02
Error at t* = 0.14048 is 2.325150e-02
Error at t* = 0.14074 is 2.313241e-02
Error at t* = 0.14100 is 2.301393e-02
Error at t* = 0.14126 is 2.289605e-02
Error at t* = 0.14152 is 2.277878e-02
Error at t* = 0.14178 is 2.266211e-02
Error at t* = 0.14204 is 2.254604e-02
Error at t* = 0.14230 is 2.243056e-02
Error at t* = 0.14256 is 2.231567e-02
Error at t* = 0.14282 is 2.220137e-02
Error at t* = 0.14308 is 2.208766e-02
Error at t* = 0.14334 is 2.197453e-02
Error at t* = 0.14360 is 2.186198e-02
Error at t* = 0.14386 is 2.175000e-02
Error at t* = 0.14412 is 2.163860e-02
Error at t* = 0.14438 is 2.152777e-02
Error at t* = 0.14464 is 2.141751e-02
Error at t* = 0.14490 is 2.130781e-02
Error at t* = 0.14516 is 2.119867e-02
Error at t* = 0.14542 is 2.109009e-02
Error at t* = 0.14568 is 2.098207e-02
Error at t* = 0.14594 is 2.087460e-02
Error at t* = 0.14620 is 2.076769e-02
Error at t* = 0.14646 is 2.066132e-02
Error at t* = 0.14672 is 2.055549e-02
Error at t* = 0.14698 is 2.045021e-02
Error at t* = 0.14724 is 2.034546e-02
Error at t* = 0.14750 is 2.024125e-02
Error at t* = 0.14776 is 2.013758e-02
Error at t* = 0.14802 is 2.003444e-02
Error at t* = 0.14828 is 1.993182e-02
Error at t* = 0.14854 is 1.982973e-02
Error at t* = 0.14880 is 1.972817e-02
Error at t* = 0.14906 is 1.962712e-02
Error at t* = 0.14932 is 1.952660e-02
Error at t* = 0.14958 is 1.942658e-02
Error at t* = 0.14984 is 1.932708e-02
Error at t* = 0.15010 is 1.922809e-02
Error at t* = 0.15036 is 1.912960e-02
Error at t* = 0.15062 is 1.903162e-02
Error at t* = 0.15088 is 1.893415e-02
Error at t* = 0.15114 is 1.883717e-02
Error at t* = 0.15140 is 1.874069e-02
Error at t* = 0.15166 is 1.864470e-02
Error at t* = 0.15193 is 1.854920e-02
Error at t* = 0.15219 is 1.845419e-02
Error at t* = 0.15245 is 1.835967e-02
Error at t* = 0.15271 is 1.826564e-02
Error at t* = 0.15297 is 1.817208e-02
Error at t* = 0.15323 is 1.807900e-02
Error at t* = 0.15349 is 1.798641e-02
Error at t* = 0.15375 is 1.789428e-02
Error at t* = 0.15401 is 1.780263e-02
Error at t* = 0.15427 is 1.771144e-02
Error at t* = 0.15453 is 1.762073e-02
Error at t* = 0.15479 is 1.753048e-02
Error at t* = 0.15505 is 1.744069e-02
Error at t* = 0.15531 is 1.735136e-02
Error at t* = 0.15557 is 1.726249e-02
Error at t* = 0.15583 is 1.717407e-02
Error at t* = 0.15609 is 1.708611e-02
Error at t* = 0.15635 is 1.699859e-02
Error at t* = 0.15661 is 1.691153e-02
Error at t* = 0.15687 is 1.682491e-02
Error at t* = 0.15713 is 1.673873e-02
Error at t* = 0.15739 is 1.665300e-02
Error at t* = 0.15765 is 1.656770e-02
Error at t* = 0.15791 is 1.648284e-02
Error at t* = 0.15817 is 1.639842e-02
Error at t* = 0.15843 is 1.631443e-02
Error at t* = 0.15869 is 1.623087e-02
Error at t* = 0.15895 is 1.614773e-02
Error at t* = 0.15921 is 1.606503e-02
Error at t* = 0.15947 is 1.598274e-02
Error at t* = 0.15973 is 1.590088e-02
Error at t* = 0.15999 is 1.581944e-02
Error at t* = 0.16025 is 1.573841e-02
Error at t* = 0.16051 is 1.565780e-02
Error at t* = 0.16077 is 1.557761e-02
Error at t* = 0.16103 is 1.549782e-02
Error at t* = 0.16129 is 1.541844e-02
Error at t* = 0.16155 is 1.533947e-02
Error at t* = 0.16181 is 1.526090e-02
Error at t* = 0.16207 is 1.518274e-02
Error at t* = 0.16233 is 1.510497e-02
Error at t* = 0.16259 is 1.502760e-02
Error at t* = 0.16285 is 1.495063e-02
Error at t* = 0.16311 is 1.487406e-02
Error at t* = 0.16337 is 1.479788e-02
Error at t* = 0.16363 is 1.472208e-02
Error at t* = 0.16389 is 1.464668e-02
Error at t* = 0.16415 is 1.457166e-02
Error at t* = 0.16441 is 1.449702e-02
Error at t* = 0.16467 is 1.442277e-02
Error at t* = 0.16493 is 1.434890e-02
Error at t* = 0.16519 is 1.427540e-02
Error at t* = 0.16545 is 1.420229e-02
Error at t* = 0.16571 is 1.412954e-02
Error at t* = 0.16597 is 1.405717e-02
Error at t* = 0.16623 is 1.398517e-02
Error at t* = 0.16649 is 1.391354e-02
Error at t* = 0.16675 is 1.384228e-02
Error at t* = 0.16701 is 1.377138e-02
Error at t* = 0.16727 is 1.370085e-02
Error at t* = 0.16753 is 1.363067e-02
Error at t* = 0.16779 is 1.356086e-02
Error at t* = 0.16805 is 1.349140e-02
Error at t* = 0.16831 is 1.342230e-02
Error at t* = 0.16857 is 1.335355e-02
Error at t* = 0.16883 is 1.328515e-02
Error at t* = 0.16909 is 1.321711e-02
Error at t* = 0.16935 is 1.314941e-02
Error at t* = 0.16961 is 1.308206e-02
Error at t* = 0.16988 is 1.301506e-02
Error at t* = 0.17014 is 1.294839e-02
Error at t* = 0.17040 is 1.288207e-02
Error at t* = 0.17066 is 1.281609e-02
Error at t* = 0.17092 is 1.275045e-02
Error at t* = 0.17118 is 1.268514e-02
Error at t* = 0.17144 is 1.262017e-02
Error at t* = 0.17170 is 1.255553e-02
Error at t* = 0.17196 is 1.249122e-02
Error at t* = 0.17222 is 1.242725e-02
Error at t* = 0.17248 is 1.236359e-02
Error at t* = 0.17274 is 1.230027e-02
Error at t* = 0.17300 is 1.223727e-02
Error at t* = 0.17326 is 1.217459e-02
Error at t* = 0.17352 is 1.211223e-02
Error at t* = 0.17378 is 1.205019e-02
Error at t* = 0.17404 is 1.198847e-02
Error at t* = 0.17430 is 1.192707e-02
Error at t* = 0.17456 is 1.186598e-02
Error at t* = 0.17482 is 1.180521e-02
Error at t* = 0.17508 is 1.174474e-02
Error at t* = 0.17534 is 1.168458e-02
Error at t* = 0.17560 is 1.162474e-02
Error at t* = 0.17586 is 1.156520e-02
Error at t* = 0.17612 is 1.150596e-02
Error at t* = 0.17638 is 1.144703e-02
Error at t* = 0.17664 is 1.138840e-02
Error at t* = 0.17690 is 1.133007e-02
Error at t* = 0.17716 is 1.127203e-02
Error at t* = 0.17742 is 1.121430e-02
Error at t* = 0.17768 is 1.115686e-02
Error at t* = 0.17794 is 1.109972e-02
Error at t* = 0.17820 is 1.104287e-02
Error at t* = 0.17846 is 1.098631e-02
Error at t* = 0.17872 is 1.093003e-02
Error at t* = 0.17898 is 1.087405e-02
Error at t* = 0.17924 is 1.081836e-02
Error at t* = 0.17950 is 1.076295e-02
Error at t* = 0.17976 is 1.070782e-02
Error at t* = 0.18002 is 1.065297e-02
Error at t* = 0.18028 is 1.059841e-02
Error at t* = 0.18054 is 1.054413e-02
Error at t* = 0.18080 is 1.049012e-02
Error at t* = 0.18106 is 1.043639e-02
Error at t* = 0.18132 is 1.038294e-02
Error at t* = 0.18158 is 1.032976e-02
Error at t* = 0.18184 is 1.027685e-02
Error at t* = 0.18210 is 1.022421e-02
Error at t* = 0.18236 is 1.017184e-02
Error at t* = 0.18262 is 1.011974e-02
Error at t* = 0.18288 is 1.006791e-02
Error at t* = 0.18314 is 1.001635e-02
Error at t* = 0.18340 is 9.965042e-03
Error at t* = 0.18366 is 9.914003e-03
Error at t* = 0.18392 is 9.863224e-03
Error at t* = 0.18418 is 9.812706e-03
Error at t* = 0.18444 is 9.762445e-03
Error at t* = 0.18470 is 9.712443e-03
Error at t* = 0.18496 is 9.662697e-03
Error at t* = 0.18522 is 9.613206e-03
Error at t* = 0.18548 is 9.563967e-03
Error at t* = 0.18574 is 9.514982e-03
Error at t* = 0.18600 is 9.466247e-03
Error at t* = 0.18626 is 9.417762e-03
Error at t* = 0.18652 is 9.369525e-03
Error at t* = 0.18678 is 9.321535e-03
Error at t* = 0.18704 is 9.273791e-03
Error at t* = 0.18730 is 9.226292e-03
Error at t* = 0.18757 is 9.179035e-03
Error at t* = 0.18783 is 9.132021e-03
Error at t* = 0.18809 is 9.085247e-03
Error at t* = 0.18835 is 9.038714e-03
Error at t* = 0.18861 is 8.992418e-03
Error at t* = 0.18887 is 8.946360e-03
Error at t* = 0.18913 is 8.900537e-03
Error at t* = 0.18939 is 8.854950e-03
Error at t* = 0.18965 is 8.809595e-03
Error at t* = 0.18991 is 8.764474e-03
Error at t* = 0.19017 is 8.719583e-03
Error at t* = 0.19043 is 8.674922e-03
Error at t* = 0.19069 is 8.630490e-03
Error at t* = 0.19095 is 8.586285e-03
Error at t* = 0.19121 is 8.542307e-03
Error at t* = 0.19147 is 8.498554e-03
Error at t* = 0.19173 is 8.455025e-03
Error at t* = 0.19199 is 8.411720e-03
Error at t* = 0.19225 is 8.368635e-03
Error at t* = 0.19251 is 8.325772e-03
Error at t* = 0.19277 is 8.283128e-03
Error at t* = 0.19303 is 8.240703e-03
Error at t* = 0.19329 is 8.198494e-03
Error at t* = 0.19355 is 8.156503e-03
Error at t* = 0.19381 is 8.114726e-03
Error at t* = 0.19407 is 8.073163e-03
Error at t* = 0.19433 is 8.031813e-03
Error at t* = 0.19459 is 7.990675e-03
Error at t* = 0.19485 is 7.949747e-03
Error at t* = 0.19511 is 7.909030e-03
Error at t* = 0.19537 is 7.868520e-03
Error at t* = 0.19563 is 7.828218e-03
Error at t* = 0.19589 is 7.788123e-03
Error at t* = 0.19615 is 7.748233e-03
Error at t* = 0.19641 is 7.708547e-03
Error at t* = 0.19667 is 7.669065e-03
Error at t* = 0.19693 is 7.629784e-03
Error at t* = 0.19719 is 7.590705e-03
Error at t* = 0.19745 is 7.551826e-03
Error at t* = 0.19771 is 7.513147e-03
Error at t* = 0.19797 is 7.474665e-03
Error at t* = 0.19823 is 7.436381e-03
Error at t* = 0.19849 is 7.398292e-03
Error at t* = 0.19875 is 7.360399e-03
Error at t* = 0.19901 is 7.322699e-03
Error at t* = 0.19927 is 7.285193e-03
Error at t* = 0.19953 is 7.247879e-03
Error at t* = 0.19979 is 7.210756e-03
Error at t* = 0.20005 is 7.173823e-03
Error at t* = 0.20031 is 7.137080e-03
Error at t* = 0.20057 is 7.100524e-03
Error at t* = 0.20083 is 7.064156e-03
Error at t* = 0.20109 is 7.027974e-03
Error at t* = 0.20135 is 6.991977e-03
Error at t* = 0.20161 is 6.956165e-03
Error at t* = 0.20187 is 6.920536e-03
Error at t* = 0.20213 is 6.885090e-03
Error at t* = 0.20239 is 6.849825e-03
Error at t* = 0.20265 is 6.814741e-03
Error at t* = 0.20291 is 6.779837e-03
Error at t* = 0.20317 is 6.745111e-03
Error at t* = 0.20343 is 6.710563e-03
Error at t* = 0.20369 is 6.676192e-03
Error at t* = 0.20395 is 6.641997e-03
Error at t* = 0.20421 is 6.607977e-03
Error at t* = 0.20447 is 6.574132e-03
Error at t* = 0.20473 is 6.540460e-03
Error at t* = 0.20499 is 6.506960e-03
Error at t* = 0.20525 is 6.473632e-03
Error at t* = 0.20552 is 6.440475e-03
Error at t* = 0.20578 is 6.407487e-03
Error at t* = 0.20604 is 6.374669e-03
Error at t* = 0.20630 is 6.342018e-03
Error at t* = 0.20656 is 6.309535e-03
Error at t* = 0.20682 is 6.277218e-03
Error at t* = 0.20708 is 6.245067e-03
Error at t* = 0.20734 is 6.213080e-03
Error at t* = 0.20760 is 6.181258e-03
Error at t* = 0.20786 is 6.149597e-03
Error at t* = 0.20812 is 6.118100e-03
Error at t* = 0.20838 is 6.086763e-03
Error at t* = 0.20864 is 6.055588e-03
Error at t* = 0.20890 is 6.024571e-03
Error at t* = 0.20916 is 5.993714e-03
Error at t* = 0.20942 is 5.963015e-03
Error at t* = 0.20968 is 5.932473e-03
Error at t* = 0.20994 is 5.902087e-03
Error at t* = 0.21020 is 5.871858e-03
Error at t* = 0.21046 is 5.841782e-03
Error at t* = 0.21072 is 5.811861e-03
Error at t* = 0.21098 is 5.782093e-03
Error at t* = 0.21124 is 5.752478e-03
Error at t* = 0.21150 is 5.723014e-03
Error at t* = 0.21176 is 5.693702e-03
Error at t* = 0.21202 is 5.664539e-03
Error at t* = 0.21228 is 5.635526e-03
Error at t* = 0.21254 is 5.606661e-03
Error at t* = 0.21280 is 5.577945e-03
Error at t* = 0.21306 is 5.549375e-03
Error at t* = 0.21332 is 5.520951e-03
Error at t* = 0.21358 is 5.492673e-03
Error at t* = 0.21384 is 5.464541e-03
Error at t* = 0.21410 is 5.436551e-03
Error at t* = 0.21436 is 5.408706e-03
Error at t* = 0.21462 is 5.381003e-03
Error at t* = 0.21488 is 5.353442e-03
Error at t* = 0.21514 is 5.326022e-03
Error at t* = 0.21540 is 5.298743e-03
Error at t* = 0.21566 is 5.271603e-03
Error at t* = 0.21592 is 5.244603e-03
Error at t* = 0.21618 is 5.217740e-03
Error at t* = 0.21644 is 5.191016e-03
Error at t* = 0.21670 is 5.164427e-03
Error at t* = 0.21696 is 5.137976e-03
Error at t* = 0.21722 is 5.111659e-03
Error at t* = 0.21748 is 5.085478e-03
Error at t* = 0.21774 is 5.059431e-03
Error at t* = 0.21800 is 5.033517e-03
Error at t* = 0.21826 is 5.007736e-03
Error at t* = 0.21852 is 4.982087e-03
Error at t* = 0.21878 is 4.956569e-03
Error at t* = 0.21904 is 4.931182e-03
Error at t* = 0.21930 is 4.905924e-03
Error at t* = 0.21956 is 4.880797e-03
Error at t* = 0.21982 is 4.855798e-03
Error at t* = 0.22008 is 4.830927e-03
Error at t* = 0.22034 is 4.806183e-03
Error at t* = 0.22060 is 4.781567e-03
Error at t* = 0.22086 is 4.757076e-03
Error at t* = 0.22112 is 4.732711e-03
Error at t* = 0.22138 is 4.708470e-03
Error at t* = 0.22164 is 4.684354e-03
Error at t* = 0.22190 is 4.660361e-03
Error at t* = 0.22216 is 4.636491e-03
Error at t* = 0.22242 is 4.612743e-03
Error at t* = 0.22268 is 4.589117e-03
Error at t* = 0.22294 is 4.565612e-03
Error at t* = 0.22320 is 4.542228e-03
Error at t* = 0.22347 is 4.518962e-03
Error at t* = 0.22373 is 4.495817e-03
Error at t* = 0.22399 is 4.472790e-03
Error at t* = 0.22425 is 4.449881e-03
Error at t* = 0.22451 is 4.427089e-03
Error at t* = 0.22477 is 4.404414e-03
Error at t* = 0.22503 is 4.381854e-03
Error at t* = 0.22529 is 4.359411e-03
Error at t* = 0.22555 is 4.337082e-03
Error at t* = 0.22581 is 4.314868e-03
Error at t* = 0.22607 is 4.292768e-03
Error at t* = 0.22633 is 4.270781e-03
Error at t* = 0.22659 is 4.248906e-03
Error at t* = 0.22685 is 4.227144e-03
Error at t* = 0.22711 is 4.205493e-03
Error at t* = 0.22737 is 4.183953e-03
Error at t* = 0.22763 is 4.162523e-03
Error at t* = 0.22789 is 4.141203e-03
Error at t* = 0.22815 is 4.119992e-03
Error at t* = 0.22841 is 4.098890e-03
Error at t* = 0.22867 is 4.077895e-03
Error at t* = 0.22893 is 4.057009e-03
Error at t* = 0.22919 is 4.036229e-03
Error at t* = 0.22945 is 4.015556e-03
Error at t* = 0.22971 is 3.994989e-03
Error at t* = 0.22997 is 3.974527e-03
Error at t* = 0.23023 is 3.954170e-03
Error at t* = 0.23049 is 3.933917e-03
Error at t* = 0.23075 is 3.913768e-03
Error at t* = 0.23101 is 3.893722e-03
Error at t* = 0.23127 is 3.873778e-03
Error at t* = 0.23153 is 3.853937e-03
Error at t* = 0.23179 is 3.834198e-03
Error at t* = 0.23205 is 3.814559e-03
Error at t* = 0.23231 is 3.795021e-03
Error at t* = 0.23257 is 3.775584e-03
Error at t* = 0.23283 is 3.756245e-03
Error at t* = 0.23309 is 3.737006e-03
Error at t* = 0.23335 is 3.717866e-03
Error at t* = 0.23361 is 3.698823e-03
Error at t* = 0.23387 is 3.679878e-03
Error at t* = 0.23413 is 3.661030e-03
Error at t* = 0.23439 is 3.642279e-03
Error at t* = 0.23465 is 3.623623e-03
Error at t* = 0.23491 is 3.605063e-03
Error at t* = 0.23517 is 3.586599e-03
Error at t* = 0.23543 is 3.568228e-03
Error at t* = 0.23569 is 3.549952e-03
Error at t* = 0.23595 is 3.531770e-03
Error at t* = 0.23621 is 3.513680e-03
Error at t* = 0.23647 is 3.495684e-03
Error at t* = 0.23673 is 3.477779e-03
Error at t* = 0.23699 is 3.459966e-03
Error at t* = 0.23725 is 3.442245e-03
Error at t* = 0.23751 is 3.424614e-03
Error at t* = 0.23777 is 3.407073e-03
Error at t* = 0.23803 is 3.389622e-03
Error at t* = 0.23829 is 3.372261e-03
Error at t* = 0.23855 is 3.354989e-03
Error at t* = 0.23881 is 3.337805e-03
Error at t* = 0.23907 is 3.320709e-03
Error at t* = 0.23933 is 3.303701e-03
Error at t* = 0.23959 is 3.286779e-03
Error at t* = 0.23985 is 3.269945e-03
Error at t* = 0.24011 is 3.253196e-03
Error at t* = 0.24037 is 3.236534e-03
Error at t* = 0.24063 is 3.219956e-03
Error at t* = 0.24089 is 3.203464e-03
Error at t* = 0.24116 is 3.187056e-03
Error at t* = 0.24142 is 3.170733e-03
Error at t* = 0.24168 is 3.154492e-03
Error at t* = 0.24194 is 3.138335e-03
Error at t* = 0.24220 is 3.122261e-03
Error at t* = 0.24246 is 3.106269e-03
Error at t* = 0.24272 is 3.090359e-03
Error at t* = 0.24298 is 3.074531e-03
Error at t* = 0.24324 is 3.058783e-03
Error at t* = 0.24350 is 3.043116e-03
Error at t* = 0.24376 is 3.027530e-03
Error at t* = 0.24402 is 3.012023e-03
Error at t* = 0.24428 is 2.996596e-03
Error at t* = 0.24454 is 2.981247e-03
Error at t* = 0.24480 is 2.965978e-03
Error at t* = 0.24506 is 2.950786e-03
Error at t* = 0.24532 is 2.935672e-03
Error at t* = 0.24558 is 2.920636e-03
Error at t* = 0.24584 is 2.905677e-03
Error at t* = 0.24610 is 2.890795e-03
Error at t* = 0.24636 is 2.875988e-03
Error at t* = 0.24662 is 2.861258e-03
Error at t* = 0.24688 is 2.846602e-03
Error at t* = 0.24714 is 2.832022e-03
Error at t* = 0.24740 is 2.817517e-03
Error at t* = 0.24766 is 2.803086e-03
Error at t* = 0.24792 is 2.788729e-03
Error at t* = 0.24818 is 2.774445e-03
Error at t* = 0.24844 is 2.760235e-03
Error at t* = 0.24870 is 2.746097e-03
Error at t* = 0.24896 is 2.732032e-03
Error at t* = 0.24922 is 2.718039e-03
Error at t* = 0.24948 is 2.704117e-03
Error at t* = 0.24974 is 2.690267e-03
Error at t* = 0.25000 is 2.676487e-03
Error at t* = 0.25026 is 2.662779e-03
Error at t* = 0.25052 is 2.649140e-03
Error at t* = 0.25078 is 2.635572e-03
Error at t* = 0.25104 is 2.622072e-03
Error at t* = 0.25130 is 2.608643e-03
Error at t* = 0.25156 is 2.595281e-03
Error at t* = 0.25182 is 2.581989e-03
Error at t* = 0.25208 is 2.568764e-03
Error at t* = 0.25234 is 2.555607e-03
Error at t* = 0.25260 is 2.542517e-03
Error at t* = 0.25286 is 2.529495e-03
Error at t* = 0.25312 is 2.516539e-03
Error at t* = 0.25338 is 2.503649e-03
Error at t* = 0.25364 is 2.490826e-03
Error at t* = 0.25390 is 2.478068e-03
Error at t* = 0.25416 is 2.465376e-03
Error at t* = 0.25442 is 2.452748e-03
Error at t* = 0.25468 is 2.440185e-03
Error at t* = 0.25494 is 2.427687e-03
Error at t* = 0.25520 is 2.415253e-03
Error at t* = 0.25546 is 2.402882e-03
Error at t* = 0.25572 is 2.390575e-03
Error at t* = 0.25598 is 2.378330e-03
Error at t* = 0.25624 is 2.366149e-03
Error at t* = 0.25650 is 2.354030e-03
Error at t* = 0.25676 is 2.341972e-03
Error at t* = 0.25702 is 2.329977e-03
Error at t* = 0.25728 is 2.318043e-03
Error at t* = 0.25754 is 2.306170e-03
Error at t* = 0.25780 is 2.294358e-03
Error at t* = 0.25806 is 2.282607e-03
Error at t* = 0.25832 is 2.270916e-03
Error at t* = 0.25858 is 2.259284e-03
Error at t* = 0.25884 is 2.247712e-03
Error at t* = 0.25911 is 2.236200e-03
Error at t* = 0.25937 is 2.224746e-03
Error at t* = 0.25963 is 2.213351e-03
Error at t* = 0.25989 is 2.202015e-03
Error at t* = 0.26015 is 2.190736e-03
Error at t* = 0.26041 is 2.179515e-03
Error at t* = 0.26067 is 2.168352e-03
Error at t* = 0.26093 is 2.157246e-03
Error at t* = 0.26119 is 2.146197e-03
Error at t* = 0.26145 is 2.135204e-03
Error at t* = 0.26171 is 2.124268e-03
Error at t* = 0.26197 is 2.113387e-03
Error at t* = 0.26223 is 2.102563e-03
Error at t* = 0.26249 is 2.091794e-03
Error at t* = 0.26275 is 2.081080e-03
Error at t* = 0.26301 is 2.070421e-03
Error at t* = 0.26327 is 2.059816e-03
Error at t* = 0.26353 is 2.049266e-03
Error at t* = 0.26379 is 2.038770e-03
Error at t* = 0.26405 is 2.028327e-03
Error at t* = 0.26431 is 2.017939e-03
Error at t* = 0.26457 is 2.007603e-03
Error at t* = 0.26483 is 1.997320e-03
Error at t* = 0.26509 is 1.987090e-03
Error at t* = 0.26535 is 1.976912e-03
Error at t* = 0.26561 is 1.966787e-03
Error at t* = 0.26587 is 1.956713e-03
Error at t* = 0.26613 is 1.946691e-03
Error at t* = 0.26639 is 1.936720e-03
Error at t* = 0.26665 is 1.926800e-03
Error at t* = 0.26691 is 1.916932e-03
Error at t* = 0.26717 is 1.907113e-03
Error at t* = 0.26743 is 1.897345e-03
Error at t* = 0.26769 is 1.887627e-03
Error at t* = 0.26795 is 1.877959e-03
Error at t* = 0.26821 is 1.868340e-03
Error at t* = 0.26847 is 1.858771e-03
Error at t* = 0.26873 is 1.849250e-03
Error at t* = 0.26899 is 1.839779e-03
Error at t* = 0.26925 is 1.830355e-03
Error at t* = 0.26951 is 1.820981e-03
Error at t* = 0.26977 is 1.811654e-03
Error at t* = 0.27003 is 1.802374e-03
Error at t* = 0.27029 is 1.793143e-03
Error at t* = 0.27055 is 1.783959e-03
Error at t* = 0.27081 is 1.774821e-03
Error at t* = 0.27107 is 1.765731e-03
Error at t* = 0.27133 is 1.756687e-03
Error at t* = 0.27159 is 1.747689e-03
Error at t* = 0.27185 is 1.738738e-03
Error at t* = 0.27211 is 1.729832e-03
Error at t* = 0.27237 is 1.720972e-03
Error at t* = 0.27263 is 1.712157e-03
Error at t* = 0.27289 is 1.703388e-03
Error at t* = 0.27315 is 1.694663e-03
Error at t* = 0.27341 is 1.685983e-03
Error at t* = 0.27367 is 1.677348e-03
Error at t* = 0.27393 is 1.668757e-03
Error at t* = 0.27419 is 1.660210e-03
Error at t* = 0.27445 is 1.651706e-03
Error at t* = 0.27471 is 1.643246e-03
Error at t* = 0.27497 is 1.634830e-03
Error at t* = 0.27523 is 1.626456e-03
Error at t* = 0.27549 is 1.618126e-03
Error at t* = 0.27575 is 1.609838e-03
Error at t* = 0.27601 is 1.601592e-03
Error at t* = 0.27627 is 1.593389e-03
Error at t* = 0.27653 is 1.585228e-03
Error at t* = 0.27680 is 1.577109e-03
Error at t* = 0.27706 is 1.569031e-03
Error at t* = 0.27732 is 1.560994e-03
Error at t* = 0.27758 is 1.552999e-03
Error at t* = 0.27784 is 1.545045e-03
Error at t* = 0.27810 is 1.537131e-03
Error at t* = 0.27836 is 1.529258e-03
Error at t* = 0.27862 is 1.521425e-03
Error at t* = 0.27888 is 1.513633e-03
Error at t* = 0.27914 is 1.505880e-03
Error at t* = 0.27940 is 1.498167e-03
Error at t* = 0.27966 is 1.490494e-03
Error at t* = 0.27992 is 1.482859e-03
Error at t* = 0.28018 is 1.475264e-03
Error at t* = 0.28044 is 1.467708e-03
Error at t* = 0.28070 is 1.460191e-03
Error at t* = 0.28096 is 1.452712e-03
Error at t* = 0.28122 is 1.445271e-03
Error at t* = 0.28148 is 1.437869e-03
Error at t* = 0.28174 is 1.430504e-03
Error at t* = 0.28200 is 1.423177e-03
Error at t* = 0.28226 is 1.415888e-03
Error at t* = 0.28252 is 1.408636e-03
Error at t* = 0.28278 is 1.401421e-03
Error at t* = 0.28304 is 1.394243e-03
Error at t* = 0.28330 is 1.387102e-03
Error at t* = 0.28356 is 1.379997e-03
Error at t* = 0.28382 is 1.372929e-03
Error at t* = 0.28408 is 1.365897e-03
Error at t* = 0.28434 is 1.358901e-03
Error at t* = 0.28460 is 1.351941e-03
Error at t* = 0.28486 is 1.345016e-03
Error at t* = 0.28512 is 1.338127e-03
Error at t* = 0.28538 is 1.331273e-03
Error at t* = 0.28564 is 1.324455e-03
Error at t* = 0.28590 is 1.317671e-03
Error at t* = 0.28616 is 1.310922e-03
Error at t* = 0.28642 is 1.304207e-03
Error at t* = 0.28668 is 1.297527e-03
Error at t* = 0.28694 is 1.290882e-03
Error at t* = 0.28720 is 1.284270e-03
Error at t* = 0.28746 is 1.277692e-03
Error at t* = 0.28772 is 1.271148e-03
Error at t* = 0.28798 is 1.264637e-03
Error at t* = 0.28824 is 1.258160e-03
Error at t* = 0.28850 is 1.251715e-03
Error at t* = 0.28876 is 1.245304e-03
Error at t* = 0.28902 is 1.238926e-03
Error at t* = 0.28928 is 1.232580e-03
Error at t* = 0.28954 is 1.226267e-03
Error at t* = 0.28980 is 1.219986e-03
Error at t* = 0.29006 is 1.213738e-03
Error at t* = 0.29032 is 1.207521e-03
Error at t* = 0.29058 is 1.201336e-03
Error at t* = 0.29084 is 1.195183e-03
Error at t* = 0.29110 is 1.189061e-03
Error at t* = 0.29136 is 1.182971e-03
Error at t* = 0.29162 is 1.176912e-03
Error at t* = 0.29188 is 1.170884e-03
Error at t* = 0.29214 is 1.164887e-03
Error at t* = 0.29240 is 1.158920e-03
Error at t* = 0.29266 is 1.152985e-03
Error at t* = 0.29292 is 1.147079e-03
Error at t* = 0.29318 is 1.141204e-03
Error at t* = 0.29344 is 1.135359e-03
Error at t* = 0.29370 is 1.129543e-03
Error at t* = 0.29396 is 1.123758e-03
Error at t* = 0.29422 is 1.118002e-03
Error at t* = 0.29448 is 1.112276e-03
Error at t* = 0.29475 is 1.106579e-03
Error at t* = 0.29501 is 1.100911e-03
Error at t* = 0.29527 is 1.095272e-03
Error at t* = 0.29553 is 1.089663e-03
Error at t* = 0.29579 is 1.084081e-03
Error at t* = 0.29605 is 1.078529e-03
Error at t* = 0.29631 is 1.073005e-03
Error at t* = 0.29657 is 1.067509e-03
Error at t* = 0.29683 is 1.062041e-03
Error at t* = 0.29709 is 1.056602e-03
Error at t* = 0.29735 is 1.051190e-03
Error at t* = 0.29761 is 1.045806e-03
Error at t* = 0.29787 is 1.040449e-03
Error at t* = 0.29813 is 1.035120e-03
Error at t* = 0.29839 is 1.029818e-03
Error at t* = 0.29865 is 1.024544e-03
Error at t* = 0.29891 is 1.019296e-03
Error at t* = 0.29917 is 1.014075e-03
Error at t* = 0.29943 is 1.008881e-03
Error at t* = 0.29969 is 1.003714e-03
Error at t* = 0.29995 is 9.985729e-04
Error at t* = 0.30021 is 9.934583e-04
Error at t* = 0.30047 is 9.883699e-04
Error at t* = 0.30073 is 9.833076e-04
Error at t* = 0.30099 is 9.782711e-04
Error at t* = 0.30125 is 9.732606e-04
Error at t* = 0.30151 is 9.682756e-04
Error at t* = 0.30177 is 9.633162e-04
Error at t* = 0.30203 is 9.583821e-04
Error at t* = 0.30229 is 9.534734e-04
Error at t* = 0.30255 is 9.485898e-04
Error at t* = 0.30281 is 9.437312e-04
Error at t* = 0.30307 is 9.388975e-04
Error at t* = 0.30333 is 9.340886e-04
Error at t* = 0.30359 is 9.293042e-04
Error at t* = 0.30385 is 9.245445e-04
Error at t* = 0.30411 is 9.198090e-04
Error at t* = 0.30437 is 9.150979e-04
Error at t* = 0.30463 is 9.104108e-04
Error at t* = 0.30489 is 9.057478e-04
Error at t* = 0.30515 is 9.011086e-04
Error at t* = 0.30541 is 8.964932e-04
Error at t* = 0.30567 is 8.919014e-04
Error at t* = 0.30593 is 8.873332e-04
Error at t* = 0.30619 is 8.827883e-04
Error at t* = 0.30645 is 8.782668e-04
Error at t* = 0.30671 is 8.737684e-04
Error at t* = 0.30697 is 8.692931e-04
Error at t* = 0.30723 is 8.648406e-04
Error at t* = 0.30749 is 8.604110e-04
Error at t* = 0.30775 is 8.560040e-04
Error at t* = 0.30801 is 8.516197e-04
Error at t* = 0.30827 is 8.472577e-04
Error at t* = 0.30853 is 8.429182e-04
Error at t* = 0.30879 is 8.386008e-04
Error at t* = 0.30905 is 8.343056e-04
Error at t* = 0.30931 is 8.300323e-04
Error at t* = 0.30957 is 8.257810e-04
Error at t* = 0.30983 is 8.215514e-04
Error at t* = 0.31009 is 8.173435e-04
Error at t* = 0.31035 is 8.131571e-04
Error at t* = 0.31061 is 8.089922e-04
Error at t* = 0.31087 is 8.048486e-04
Error at t* = 0.31113 is 8.007263e-04
Error at t* = 0.31139 is 7.966250e-04
Error at t* = 0.31165 is 7.925448e-04
Error at t* = 0.31191 is 7.884854e-04
Error at t* = 0.31217 is 7.844469e-04
Error at t* = 0.31243 is 7.804290e-04
Error at t* = 0.31270 is 7.764318e-04
Error at t* = 0.31296 is 7.724549e-04
Error at t* = 0.31322 is 7.684985e-04
Error at t* = 0.31348 is 7.645623e-04
Error at t* = 0.31374 is 7.606463e-04
Error at t* = 0.31400 is 7.567503e-04
Error at t* = 0.31426 is 7.528744e-04
Error at t* = 0.31452 is 7.490182e-04
Error at t* = 0.31478 is 7.451818e-04
Error at t* = 0.31504 is 7.413650e-04
Error at t* = 0.31530 is 7.375678e-04
Error at t* = 0.31556 is 7.337900e-04
Error at t* = 0.31582 is 7.300317e-04
Error at t* = 0.31608 is 7.262925e-04
Error at t* = 0.31634 is 7.225725e-04
Error at t* = 0.31660 is 7.188715e-04
Error at t* = 0.31686 is 7.151896e-04
Error at t* = 0.31712 is 7.115264e-04
Error at t* = 0.31738 is 7.078821e-04
Error at t* = 0.31764 is 7.042563e-04
Error at t* = 0.31790 is 7.006492e-04
Error at t* = 0.31816 is 6.970605e-04
Error at t* = 0.31842 is 6.934903e-04
Error at t* = 0.31868 is 6.899383e-04
Error at t* = 0.31894 is 6.864045e-04
Error at t* = 0.31920 is 6.828888e-04
Error at t* = 0.31946 is 6.793911e-04
Error at t* = 0.31972 is 6.759113e-04
Error at t* = 0.31998 is 6.724494e-04
Error at t* = 0.32024 is 6.690051e-04
Error at t* = 0.32050 is 6.655786e-04
Error at t* = 0.32076 is 6.621695e-04
Error at t* = 0.32102 is 6.587780e-04
Error at t* = 0.32128 is 6.554037e-04
Error at t* = 0.32154 is 6.520468e-04
Error at t* = 0.32180 is 6.487071e-04
Error at t* = 0.32206 is 6.453845e-04
Error at t* = 0.32232 is 6.420789e-04
Error at t* = 0.32258 is 6.387902e-04
Error at t* = 0.32284 is 6.355184e-04
Error at t* = 0.32310 is 6.322633e-04
Error at t* = 0.32336 is 6.290249e-04
Error at t* = 0.32362 is 6.258031e-04
Error at t* = 0.32388 is 6.225978e-04
Error at t* = 0.32414 is 6.194089e-04
Error at t* = 0.32440 is 6.162363e-04
Error at t* = 0.32466 is 6.130801e-04
Error at t* = 0.32492 is 6.099399e-04
Error at t* = 0.32518 is 6.068159e-04
Error at t* = 0.32544 is 6.037078e-04
Error at t* = 0.32570 is 6.006157e-04
Error at t* = 0.32596 is 5.975394e-04
Error at t* = 0.32622 is 5.944788e-04
Error at t* = 0.32648 is 5.914340e-04
Error at t* = 0.32674 is 5.884047e-04
Error at t* = 0.32700 is 5.853909e-04
Error at t* = 0.32726 is 5.823926e-04
Error at t* = 0.32752 is 5.794096e-04
Error at t* = 0.32778 is 5.764420e-04
Error at t* = 0.32804 is 5.734895e-04
Error at t* = 0.32830 is 5.705521e-04
Error at t* = 0.32856 is 5.676298e-04
Error at t* = 0.32882 is 5.647225e-04
Error at t* = 0.32908 is 5.618300e-04
Error at t* = 0.32934 is 5.589524e-04
Error at t* = 0.32960 is 5.560895e-04
Error at t* = 0.32986 is 5.532412e-04
Error at t* = 0.33012 is 5.504076e-04
Error at t* = 0.33039 is 5.475885e-04
Error at t* = 0.33065 is 5.447837e-04
Error at t* = 0.33091 is 5.419934e-04
Error at t* = 0.33117 is 5.392174e-04
Error at t* = 0.33143 is 5.364556e-04
Error at t* = 0.33169 is 5.337079e-04
Error at t* = 0.33195 is 5.309743e-04
Error at t* = 0.33221 is 5.282547e-04
Error at t* = 0.33247 is 5.255490e-04
Error at t* = 0.33273 is 5.228572e-04
Error at t* = 0.33299 is 5.201792e-04
Error at t* = 0.33325 is 5.175148e-04
Error at t* = 0.33351 is 5.148642e-04
Error at t* = 0.33377 is 5.122271e-04
Error at t* = 0.33403 is 5.096035e-04
Error at t* = 0.33429 is 5.069934e-04
Error at t* = 0.33455 is 5.043966e-04
Error at t* = 0.33481 is 5.018131e-04
Error at t* = 0.33507 is 4.992429e-04
Error at t* = 0.33533 is 4.966858e-04
Error at t* = 0.33559 is 4.941418e-04
Error at t* = 0.33585 is 4.916109e-04
Error at t* = 0.33611 is 4.890929e-04
Error at t* = 0.33637 is 4.865878e-04
Error at t* = 0.33663 is 4.840956e-04
Error at t* = 0.33689 is 4.816160e-04
Error at t* = 0.33715 is 4.791493e-04
Error at t* = 0.33741 is 4.766951e-04
Error at t* = 0.33767 is 4.742535e-04
Error at t* = 0.33793 is 4.718244e-04
Error at t* = 0.33819 is 4.694078e-04
Error at t* = 0.33845 is 4.670035e-04
Error at t* = 0.33871 is 4.646116e-04
Error at t* = 0.33897 is 4.622319e-04
Error at t* = 0.33923 is 4.598644e-04
Error at t* = 0.33949 is 4.575090e-04
Error at t* = 0.33975 is 4.551657e-04
Error at t* = 0.34001 is 4.528343e-04
Error at t* = 0.34027 is 4.505150e-04
Error at t* = 0.34053 is 4.482075e-04
Error at t* = 0.34079 is 4.459118e-04
Error at t* = 0.34105 is 4.436279e-04
Error at t* = 0.34131 is 4.413557e-04
Error at t* = 0.34157 is 4.390951e-04
Error at t* = 0.34183 is 4.368461e-04
Error at t* = 0.34209 is 4.346086e-04
Error at t* = 0.34235 is 4.323826e-04
Error at t* = 0.34261 is 4.301679e-04
Error at t* = 0.34287 is 4.279647e-04
Error at t* = 0.34313 is 4.257727e-04
Error at t* = 0.34339 is 4.235919e-04
Error at t* = 0.34365 is 4.214223e-04
Error at t* = 0.34391 is 4.192638e-04
Error at t* = 0.34417 is 4.171164e-04
Error at t* = 0.34443 is 4.149800e-04
Error at t* = 0.34469 is 4.128545e-04
Error at t* = 0.34495 is 4.107399e-04
Error at t* = 0.34521 is 4.086361e-04
Error at t* = 0.34547 is 4.065431e-04
Error at t* = 0.34573 is 4.044608e-04
Error at t* = 0.34599 is 4.023892e-04
Error at t* = 0.34625 is 4.003282e-04
Error at t* = 0.34651 is 3.982778e-04
Error at t* = 0.34677 is 3.962378e-04
Error at t* = 0.34703 is 3.942083e-04
Error at t* = 0.34729 is 3.921892e-04
Error at t* = 0.34755 is 3.901805e-04
Error at t* = 0.34781 is 3.881820e-04
Error at t* = 0.34807 is 3.861938e-04
Error at t* = 0.34834 is 3.842157e-04
Error at t* = 0.34860 is 3.822478e-04
Error at t* = 0.34886 is 3.802900e-04
Error at t* = 0.34912 is 3.783422e-04
Error at t* = 0.34938 is 3.764043e-04
Error at t* = 0.34964 is 3.744764e-04
Error at t* = 0.34990 is 3.725584e-04
Error at t* = 0.35016 is 3.706502e-04
Error at t* = 0.35042 is 3.687517e-04
Error at t* = 0.35068 is 3.668630e-04
Error at t* = 0.35094 is 3.649840e-04
Error at t* = 0.35120 is 3.631146e-04
Error at t* = 0.35146 is 3.612547e-04
Error at t* = 0.35172 is 3.594044e-04
Error at t* = 0.35198 is 3.575636e-04
Error at t* = 0.35224 is 3.557322e-04
Error at t* = 0.35250 is 3.539101e-04
Error at t* = 0.35276 is 3.520975e-04
Error at t* = 0.35302 is 3.502940e-04
Error at t* = 0.35328 is 3.484999e-04
Error at t* = 0.35354 is 3.467149e-04
Error at t* = 0.35380 is 3.449390e-04
Error at t* = 0.35406 is 3.431723e-04
Error at t* = 0.35432 is 3.414146e-04
Error at t* = 0.35458 is 3.396659e-04
Error at t* = 0.35484 is 3.379262e-04
Error at t* = 0.35510 is 3.361953e-04
Error at t* = 0.35536 is 3.344734e-04
Error at t* = 0.35562 is 3.327602e-04
Error at t* = 0.35588 is 3.310559e-04
Error at t* = 0.35614 is 3.293602e-04
Error at t* = 0.35640 is 3.276733e-04
Error at t* = 0.35666 is 3.259950e-04
Error at t* = 0.35692 is 3.243253e-04
Error at t* = 0.35718 is 3.226641e-04
Error at t* = 0.35744 is 3.210114e-04
Error at t* = 0.35770 is 3.193672e-04
Error at t* = 0.35796 is 3.177315e-04
Error at t* = 0.35822 is 3.161041e-04
Error at t* = 0.35848 is 3.144850e-04
Error at t* = 0.35874 is 3.128742e-04
Error at t* = 0.35900 is 3.112717e-04
Error at t* = 0.35926 is 3.096774e-04
Error at t* = 0.35952 is 3.080913e-04
Error at t* = 0.35978 is 3.065133e-04
Error at t* = 0.36004 is 3.049434e-04
Error at t* = 0.36030 is 3.033814e-04
Error at t* = 0.36056 is 3.018276e-04
Error at t* = 0.36082 is 3.002816e-04
Error at t* = 0.36108 is 2.987436e-04
Error at t* = 0.36134 is 2.972135e-04
Error at t* = 0.36160 is 2.956912e-04
Error at t* = 0.36186 is 2.941767e-04
Error at t* = 0.36212 is 2.926699e-04
Error at t* = 0.36238 is 2.911709e-04
Error at t* = 0.36264 is 2.896796e-04
Error at t* = 0.36290 is 2.881958e-04
Error at t* = 0.36316 is 2.867197e-04
Error at t* = 0.36342 is 2.852512e-04
Error at t* = 0.36368 is 2.837902e-04
Error at t* = 0.36394 is 2.823366e-04
Error at t* = 0.36420 is 2.808905e-04
Error at t* = 0.36446 is 2.794518e-04
Error at t* = 0.36472 is 2.780205e-04
Error at t* = 0.36498 is 2.765965e-04
Error at t* = 0.36524 is 2.751798e-04
Error at t* = 0.36550 is 2.737703e-04
Error at t* = 0.36576 is 2.723681e-04
Error at t* = 0.36602 is 2.709731e-04
Error at t* = 0.36629 is 2.695852e-04
Error at t* = 0.36655 is 2.682044e-04
Error at t* = 0.36681 is 2.668307e-04
Error at t* = 0.36707 is 2.654640e-04
Error at t* = 0.36733 is 2.641043e-04
Error at t* = 0.36759 is 2.627516e-04
Error at t* = 0.36785 is 2.614058e-04
Error at t* = 0.36811 is 2.600669e-04
Error at t* = 0.36837 is 2.587349e-04
Error at t* = 0.36863 is 2.574096e-04
Error at t* = 0.36889 is 2.560912e-04
Error at t* = 0.36915 is 2.547795e-04
Error at t* = 0.36941 is 2.534746e-04
Error at t* = 0.36967 is 2.521763e-04
Error at t* = 0.36993 is 2.508847e-04
Error at t* = 0.37019 is 2.495997e-04
Error at t* = 0.37045 is 2.483212e-04
Error at t* = 0.37071 is 2.470494e-04
Error at t* = 0.37097 is 2.457840e-04
Error at t* = 0.37123 is 2.445251e-04
Error at t* = 0.37149 is 2.432727e-04
Error at t* = 0.37175 is 2.420267e-04
Error at t* = 0.37201 is 2.407870e-04
Error at t* = 0.37227 is 2.395537e-04
Error at t* = 0.37253 is 2.383268e-04
Error at t* = 0.37279 is 2.371061e-04
Error at t* = 0.37305 is 2.358916e-04
Error at t* = 0.37331 is 2.346834e-04
Error at t* = 0.37357 is 2.334814e-04
Error at t* = 0.37383 is 2.322855e-04
Error at t* = 0.37409 is 2.310958e-04
Error at t* = 0.37435 is 2.299121e-04
Error at t* = 0.37461 is 2.287345e-04
Error at t* = 0.37487 is 2.275630e-04
Error at t* = 0.37513 is 2.263974e-04
Error at t* = 0.37539 is 2.252378e-04
Error at t* = 0.37565 is 2.240842e-04
Error at t* = 0.37591 is 2.229364e-04
Error at t* = 0.37617 is 2.217946e-04
Error at t* = 0.37643 is 2.206586e-04
Error at t* = 0.37669 is 2.195284e-04
Error at t* = 0.37695 is 2.184040e-04
Error at t* = 0.37721 is 2.172853e-04
Error at t* = 0.37747 is 2.161724e-04
Error at t* = 0.37773 is 2.150652e-04
Error at t* = 0.37799 is 2.139637e-04
Error at t* = 0.37825 is 2.128678e-04
Error at t* = 0.37851 is 2.117775e-04
Error at t* = 0.37877 is 2.106928e-04
Error at t* = 0.37903 is 2.096136e-04
Error at t* = 0.37929 is 2.085400e-04
Error at t* = 0.37955 is 2.074719e-04
Error at t* = 0.37981 is 2.064092e-04
Error at t* = 0.38007 is 2.053520e-04
Error at t* = 0.38033 is 2.043002e-04
Error at t* = 0.38059 is 2.032538e-04
Error at t* = 0.38085 is 2.022128e-04
Error at t* = 0.38111 is 2.011770e-04
Error at t* = 0.38137 is 2.001466e-04
Error at t* = 0.38163 is 1.991215e-04
Error at t* = 0.38189 is 1.981016e-04
Error at t* = 0.38215 is 1.970870e-04
Error at t* = 0.38241 is 1.960775e-04
Error at t* = 0.38267 is 1.950732e-04
Error at t* = 0.38293 is 1.940741e-04
Error at t* = 0.38319 is 1.930800e-04
Error at t* = 0.38345 is 1.920911e-04
Error at t* = 0.38371 is 1.911072e-04
Error at t* = 0.38398 is 1.901284e-04
Error at t* = 0.38424 is 1.891546e-04
Error at t* = 0.38450 is 1.881857e-04
Error at t* = 0.38476 is 1.872219e-04
Error at t* = 0.38502 is 1.862629e-04
Error at t* = 0.38528 is 1.853089e-04
Error at t* = 0.38554 is 1.843598e-04
Error at t* = 0.38580 is 1.834155e-04
Error at t* = 0.38606 is 1.824761e-04
Error at t* = 0.38632 is 1.815414e-04
Error at t* = 0.38658 is 1.806116e-04
Error at t* = 0.38684 is 1.796865e-04
Error at t* = 0.38710 is 1.787662e-04
Error at t* = 0.38736 is 1.778506e-04
Error at t* = 0.38762 is 1.769396e-04
Error at t* = 0.38788 is 1.760334e-04
Error at t* = 0.38814 is 1.751317e-04
Error at t* = 0.38840 is 1.742347e-04
Error at t* = 0.38866 is 1.733423e-04
Error at t* = 0.38892 is 1.724545e-04
Error at t* = 0.38918 is 1.715712e-04
Error at t* = 0.38944 is 1.706924e-04
Error at t* = 0.38970 is 1.698181e-04
Error at t* = 0.38996 is 1.689483e-04
Error at t* = 0.39022 is 1.680830e-04
Error at t* = 0.39048 is 1.672221e-04
Error at t* = 0.39074 is 1.663656e-04
Error at t* = 0.39100 is 1.655135e-04
Error at t* = 0.39126 is 1.646657e-04
Error at t* = 0.39152 is 1.638223e-04
Error at t* = 0.39178 is 1.629833e-04
Error at t* = 0.39204 is 1.621485e-04
Error at t* = 0.39230 is 1.613180e-04
Error at t* = 0.39256 is 1.604917e-04
Error at t* = 0.39282 is 1.596697e-04
Error at t* = 0.39308 is 1.588519e-04
Error at t* = 0.39334 is 1.580382e-04
Error at t* = 0.39360 is 1.572288e-04
Error at t* = 0.39386 is 1.564235e-04
Error at t* = 0.39412 is 1.556223e-04
Error at t* = 0.39438 is 1.548252e-04
Error at t* = 0.39464 is 1.540322e-04
Error at t* = 0.39490 is 1.532433e-04
Error at t* = 0.39516 is 1.524584e-04
Error at t* = 0.39542 is 1.516775e-04
Error at t* = 0.39568 is 1.509006e-04
Error at t* = 0.39594 is 1.501277e-04
Error at t* = 0.39620 is 1.493588e-04
Error at t* = 0.39646 is 1.485938e-04
Error at t* = 0.39672 is 1.478327e-04
Error at t* = 0.39698 is 1.470755e-04
Error at t* = 0.39724 is 1.463222e-04
Error at t* = 0.39750 is 1.455728e-04
Error at t* = 0.39776 is 1.448271e-04
Error at t* = 0.39802 is 1.440853e-04
Error at t* = 0.39828 is 1.433474e-04
Error at t* = 0.39854 is 1.426131e-04
Error at t* = 0.39880 is 1.418827e-04
Error at t* = 0.39906 is 1.411560e-04
Error at t* = 0.39932 is 1.404330e-04
Error at t* = 0.39958 is 1.397137e-04
Error at t* = 0.39984 is 1.389981e-04
Error at t* = 0.40010 is 1.382862e-04
Error at t* = 0.40036 is 1.375779e-04
Error at t* = 0.40062 is 1.368732e-04
Error at t* = 0.40088 is 1.361722e-04
Error at t* = 0.40114 is 1.354747e-04
Error at t* = 0.40140 is 1.347808e-04
Error at t* = 0.40166 is 1.340905e-04
Error at t* = 0.40193 is 1.334037e-04
Error at t* = 0.40219 is 1.327204e-04
Error at t* = 0.40245 is 1.320406e-04
Error at t* = 0.40271 is 1.313643e-04
Error at t* = 0.40297 is 1.306915e-04
Error at t* = 0.40323 is 1.300221e-04
Error at t* = 0.40349 is 1.293561e-04
Error at t* = 0.40375 is 1.286936e-04
Error at t* = 0.40401 is 1.280344e-04
Error at t* = 0.40427 is 1.273787e-04
Error at t* = 0.40453 is 1.267262e-04
Error at t* = 0.40479 is 1.260771e-04
Error at t* = 0.40505 is 1.254314e-04
Error at t* = 0.40531 is 1.247889e-04
Error at t* = 0.40557 is 1.241498e-04
Error at t* = 0.40583 is 1.235139e-04
Error at t* = 0.40609 is 1.228813e-04
Error at t* = 0.40635 is 1.222519e-04
Error at t* = 0.40661 is 1.216257e-04
Error at t* = 0.40687 is 1.210028e-04
Error at t* = 0.40713 is 1.203830e-04
Error at t* = 0.40739 is 1.197664e-04
Error at t* = 0.40765 is 1.191530e-04
Error at t* = 0.40791 is 1.185427e-04
Error at t* = 0.40817 is 1.179355e-04
Error at t* = 0.40843 is 1.173315e-04
Error at t* = 0.40869 is 1.167305e-04
Error at t* = 0.40895 is 1.161326e-04
Error at t* = 0.40921 is 1.155378e-04
Error at t* = 0.40947 is 1.149460e-04
Error at t* = 0.40973 is 1.143573e-04
Error at t* = 0.40999 is 1.137716e-04
Error at t* = 0.41025 is 1.131888e-04
Error at t* = 0.41051 is 1.126091e-04
Error at t* = 0.41077 is 1.120323e-04
Error at t* = 0.41103 is 1.114585e-04
Error at t* = 0.41129 is 1.108876e-04
Error at t* = 0.41155 is 1.103197e-04
Error at t* = 0.41181 is 1.097546e-04
Error at t* = 0.41207 is 1.091925e-04
Error at t* = 0.41233 is 1.086332e-04
Error at t* = 0.41259 is 1.080768e-04
Error at t* = 0.41285 is 1.075232e-04
Error at t* = 0.41311 is 1.069725e-04
Error at t* = 0.41337 is 1.064246e-04
Error at t* = 0.41363 is 1.058795e-04
Error at t* = 0.41389 is 1.053372e-04
Error at t* = 0.41415 is 1.047977e-04
Error at t* = 0.41441 is 1.042609e-04
Error at t* = 0.41467 is 1.037269e-04
Error at t* = 0.41493 is 1.031956e-04
Error at t* = 0.41519 is 1.026670e-04
Error at t* = 0.41545 is 1.021412e-04
Error at t* = 0.41571 is 1.016180e-04
Error at t* = 0.41597 is 1.010976e-04
Error at t* = 0.41623 is 1.005797e-04
Error at t* = 0.41649 is 1.000646e-04
Error at t* = 0.41675 is 9.955207e-05
Error at t* = 0.41701 is 9.904217e-05
Error at t* = 0.41727 is 9.853489e-05
Error at t* = 0.41753 is 9.803019e-05
Error at t* = 0.41779 is 9.752810e-05
Error at t* = 0.41805 is 9.702856e-05
Error at t* = 0.41831 is 9.653160e-05
Error at t* = 0.41857 is 9.603717e-05
Error at t* = 0.41883 is 9.554528e-05
Error at t* = 0.41909 is 9.505590e-05
Error at t* = 0.41935 is 9.456904e-05
Error at t* = 0.41961 is 9.408466e-05
Error at t* = 0.41988 is 9.360277e-05
Error at t* = 0.42014 is 9.312334e-05
Error at t* = 0.42040 is 9.264637e-05
Error at t* = 0.42066 is 9.217184e-05
Error at t* = 0.42092 is 9.169975e-05
Error at t* = 0.42118 is 9.123007e-05
Error at t* = 0.42144 is 9.076280e-05
Error at t* = 0.42170 is 9.029792e-05
Error at t* = 0.42196 is 8.983543e-05
Error at t* = 0.42222 is 8.937529e-05
Error at t* = 0.42248 is 8.891753e-05
Error at t* = 0.42274 is 8.846209e-05
Error at t* = 0.42300 is 8.800900e-05
Error at t* = 0.42326 is 8.755823e-05
Error at t* = 0.42352 is 8.710976e-05
Error at t* = 0.42378 is 8.666359e-05
Error at t* = 0.42404 is 8.621971e-05
Error at t* = 0.42430 is 8.577810e-05
Error at t* = 0.42456 is 8.533876e-05
Error at t* = 0.42482 is 8.490165e-05
Error at t* = 0.42508 is 8.446680e-05
Error at t* = 0.42534 is 8.403416e-05
Error at t* = 0.42560 is 8.360375e-05
Error at t* = 0.42586 is 8.317554e-05
Error at t* = 0.42612 is 8.274953e-05
Error at t* = 0.42638 is 8.232569e-05
Error at t* = 0.42664 is 8.190403e-05
Error at t* = 0.42690 is 8.148452e-05
Error at t* = 0.42716 is 8.106716e-05
Error at t* = 0.42742 is 8.065194e-05
Error at t* = 0.42768 is 8.023885e-05
Error at t* = 0.42794 is 7.982787e-05
Error at t* = 0.42820 is 7.941901e-05
Error at t* = 0.42846 is 7.901223e-05
Error at t* = 0.42872 is 7.860754e-05
Error at t* = 0.42898 is 7.820491e-05
Error at t* = 0.42924 is 7.780436e-05
Error at t* = 0.42950 is 7.740585e-05
Error at t* = 0.42976 is 7.700939e-05
Error at t* = 0.43002 is 7.661495e-05
Error at t* = 0.43028 is 7.622254e-05
Error at t* = 0.43054 is 7.583213e-05
Error at t* = 0.43080 is 7.544373e-05
Error at t* = 0.43106 is 7.505731e-05
Error at t* = 0.43132 is 7.467287e-05
Error at t* = 0.43158 is 7.429040e-05
Error at t* = 0.43184 is 7.390990e-05
Error at t* = 0.43210 is 7.353133e-05
Error at t* = 0.43236 is 7.315472e-05
Error at t* = 0.43262 is 7.278002e-05
Error at t* = 0.43288 is 7.240725e-05
Error at t* = 0.43314 is 7.203639e-05
Error at t* = 0.43340 is 7.166743e-05
Error at t* = 0.43366 is 7.130035e-05
Error at t* = 0.43392 is 7.093516e-05
Error at t* = 0.43418 is 7.057183e-05
Error at t* = 0.43444 is 7.021037e-05
Error at t* = 0.43470 is 6.985076e-05
Error at t* = 0.43496 is 6.949299e-05
Error at t* = 0.43522 is 6.913705e-05
Error at t* = 0.43548 is 6.878294e-05
Error at t* = 0.43574 is 6.843064e-05
Error at t* = 0.43600 is 6.808015e-05
Error at t* = 0.43626 is 6.773144e-05
Error at t* = 0.43652 is 6.738453e-05
Error at t* = 0.43678 is 6.703939e-05
Error at t* = 0.43704 is 6.669602e-05
Error at t* = 0.43730 is 6.635441e-05
Error at t* = 0.43757 is 6.601455e-05
Error at t* = 0.43783 is 6.567643e-05
Error at t* = 0.43809 is 6.534004e-05
Error at t* = 0.43835 is 6.500537e-05
Error at t* = 0.43861 is 6.467243e-05
Error at t* = 0.43887 is 6.434118e-05
Error at t* = 0.43913 is 6.401163e-05
Error at t* = 0.43939 is 6.368377e-05
Error at t* = 0.43965 is 6.335759e-05
Error at t* = 0.43991 is 6.303307e-05
Error at t* = 0.44017 is 6.271022e-05
Error at t* = 0.44043 is 6.238903e-05
Error at t* = 0.44069 is 6.206948e-05
Error at t* = 0.44095 is 6.175156e-05
Error at t* = 0.44121 is 6.143528e-05
Error at t* = 0.44147 is 6.112061e-05
Error at t* = 0.44173 is 6.080756e-05
Error at t* = 0.44199 is 6.049610e-05
Error at t* = 0.44225 is 6.018625e-05
Error at t* = 0.44251 is 5.987798e-05
Error at t* = 0.44277 is 5.957129e-05
Error at t* = 0.44303 is 5.926617e-05
Error at t* = 0.44329 is 5.896262e-05
Error at t* = 0.44355 is 5.866061e-05
Error at t* = 0.44381 is 5.836016e-05
Error at t* = 0.44407 is 5.806125e-05
Error at t* = 0.44433 is 5.776386e-05
Error at t* = 0.44459 is 5.746800e-05
Error at t* = 0.44485 is 5.717366e-05
Error at t* = 0.44511 is 5.688082e-05
Error at t* = 0.44537 is 5.658948e-05
Error at t* = 0.44563 is 5.629963e-05
Error at t* = 0.44589 is 5.601127e-05
Error at t* = 0.44615 is 5.572439e-05
Error at t* = 0.44641 is 5.543897e-05
Error at t* = 0.44667 is 5.515502e-05
Error at t* = 0.44693 is 5.487252e-05
Error at t* = 0.44719 is 5.459147e-05
Error at t* = 0.44745 is 5.431186e-05
Error at t* = 0.44771 is 5.403367e-05
Error at t* = 0.44797 is 5.375692e-05
Error at t* = 0.44823 is 5.348158e-05
Error at t* = 0.44849 is 5.320765e-05
Error at t* = 0.44875 is 5.293513e-05
Error at t* = 0.44901 is 5.266400e-05
Error at t* = 0.44927 is 5.239426e-05
Error at t* = 0.44953 is 5.212590e-05
Error at t* = 0.44979 is 5.185892e-05
Error at t* = 0.45005 is 5.159330e-05
Error at t* = 0.45031 is 5.132904e-05
Error at t* = 0.45057 is 5.106614e-05
Error at t* = 0.45083 is 5.080458e-05
Error at t* = 0.45109 is 5.054437e-05
Error at t* = 0.45135 is 5.028548e-05
Error at t* = 0.45161 is 5.002793e-05
Error at t* = 0.45187 is 4.977169e-05
Error at t* = 0.45213 is 4.951676e-05
Error at t* = 0.45239 is 4.926314e-05
Error at t* = 0.45265 is 4.901082e-05
Error at t* = 0.45291 is 4.875979e-05
Error at t* = 0.45317 is 4.851005e-05
Error at t* = 0.45343 is 4.826158e-05
Error at t* = 0.45369 is 4.801440e-05
Error at t* = 0.45395 is 4.776847e-05
Error at t* = 0.45421 is 4.752380e-05
Error at t* = 0.45447 is 4.728039e-05
Error at t* = 0.45473 is 4.703823e-05
Error at t* = 0.45499 is 4.679730e-05
Error at t* = 0.45525 is 4.655761e-05
Error at t* = 0.45552 is 4.631914e-05
Error at t* = 0.45578 is 4.608190e-05
Error at t* = 0.45604 is 4.584587e-05
Error at t* = 0.45630 is 4.561106e-05
Error at t* = 0.45656 is 4.537744e-05
Error at t* = 0.45682 is 4.514502e-05
Error at t* = 0.45708 is 4.491379e-05
Error at t* = 0.45734 is 4.468375e-05
Error at t* = 0.45760 is 4.445488e-05
Error at t* = 0.45786 is 4.422719e-05
Error at t* = 0.45812 is 4.400066e-05
Error at t* = 0.45838 is 4.377529e-05
Error at t* = 0.45864 is 4.355108e-05
Error at t* = 0.45890 is 4.332802e-05
Error at t* = 0.45916 is 4.310609e-05
Error at t* = 0.45942 is 4.288531e-05
Error at t* = 0.45968 is 4.266565e-05
Error at t* = 0.45994 is 4.244713e-05
Error at t* = 0.46020 is 4.222971e-05
Error at t* = 0.46046 is 4.201342e-05
Error at t* = 0.46072 is 4.179823e-05
Error at t* = 0.46098 is 4.158414e-05
Error at t* = 0.46124 is 4.137115e-05
Error at t* = 0.46150 is 4.115925e-05
Error at t* = 0.46176 is 4.094844e-05
Error at t* = 0.46202 is 4.073871e-05
Error at t* = 0.46228 is 4.053004e-05
Error at t* = 0.46254 is 4.032245e-05
Error at t* = 0.46280 is 4.011592e-05
Error at t* = 0.46306 is 3.991046e-05
Error at t* = 0.46332 is 3.970604e-05
Error at t* = 0.46358 is 3.950267e-05
Error at t* = 0.46384 is 3.930034e-05
Error at t* = 0.46410 is 3.909905e-05
Error at t* = 0.46436 is 3.889878e-05
Error at t* = 0.46462 is 3.869955e-05
Error at t* = 0.46488 is 3.850133e-05
Error at t* = 0.46514 is 3.830413e-05
Error at t* = 0.46540 is 3.810794e-05
Error at t* = 0.46566 is 3.791276e-05
Error at t* = 0.46592 is 3.771857e-05
Error at t* = 0.46618 is 3.752538e-05
Error at t* = 0.46644 is 3.733318e-05
Error at t* = 0.46670 is 3.714196e-05
Error at t* = 0.46696 is 3.695172e-05
Error at t* = 0.46722 is 3.676246e-05
Error at t* = 0.46748 is 3.657416e-05
Error at t* = 0.46774 is 3.638684e-05
Error at t* = 0.46800 is 3.620047e-05
Error at t* = 0.46826 is 3.601505e-05
Error at t* = 0.46852 is 3.583058e-05
Error at t* = 0.46878 is 3.564706e-05
Error at t* = 0.46904 is 3.546448e-05
Error at t* = 0.46930 is 3.528284e-05
Error at t* = 0.46956 is 3.510212e-05
Error at t* = 0.46982 is 3.492233e-05
Error at t* = 0.47008 is 3.474346e-05
Error at t* = 0.47034 is 3.456551e-05
Error at t* = 0.47060 is 3.438847e-05
Error at t* = 0.47086 is 3.421234e-05
Error at t* = 0.47112 is 3.403710e-05
Error at t* = 0.47138 is 3.386277e-05
Error at t* = 0.47164 is 3.368932e-05
Error at t* = 0.47190 is 3.351677e-05
Error at t* = 0.47216 is 3.334510e-05
Error at t* = 0.47242 is 3.317431e-05
Error at t* = 0.47268 is 3.300439e-05
Error at t* = 0.47294 is 3.283535e-05
Error at t* = 0.47320 is 3.266717e-05
Error at t* = 0.47347 is 3.249985e-05
Error at t* = 0.47373 is 3.233339e-05
Error at t* = 0.47399 is 3.216778e-05
Error at t* = 0.47425 is 3.200302e-05
Error at t* = 0.47451 is 3.183911e-05
Error at t* = 0.47477 is 3.167603e-05
Error at t* = 0.47503 is 3.151379e-05
Error at t* = 0.47529 is 3.135237e-05
Error at t* = 0.47555 is 3.119179e-05
Error at t* = 0.47581 is 3.103203e-05
Error at t* = 0.47607 is 3.087309e-05
Error at t* = 0.47633 is 3.071496e-05
Error at t* = 0.47659 is 3.055764e-05
Error at t* = 0.47685 is 3.040112e-05
Error at t* = 0.47711 is 3.024541e-05
Error at t* = 0.47737 is 3.009050e-05
Error at t* = 0.47763 is 2.993638e-05
Error at t* = 0.47789 is 2.978305e-05
Error at t* = 0.47815 is 2.963050e-05
Error at t* = 0.47841 is 2.947874e-05
Error at t* = 0.47867 is 2.932775e-05
Error at t* = 0.47893 is 2.917753e-05
Error at t* = 0.47919 is 2.902809e-05
Error at t* = 0.47945 is 2.887941e-05
Error at t* = 0.47971 is 2.873149e-05
Error at t* = 0.47997 is 2.858433e-05
Error at t* = 0.48023 is 2.843793e-05
Error at t* = 0.48049 is 2.829227e-05
Error at t* = 0.48075 is 2.814736e-05
Error at t* = 0.48101 is 2.800319e-05
Error at t* = 0.48127 is 2.785976e-05
Error at t* = 0.48153 is 2.771707e-05
Error at t* = 0.48179 is 2.757510e-05
Error at t* = 0.48205 is 2.743386e-05
Error at t* = 0.48231 is 2.729335e-05
Error at t* = 0.48257 is 2.715356e-05
Error at t* = 0.48283 is 2.701448e-05
Error at t* = 0.48309 is 2.687611e-05
Error at t* = 0.48335 is 2.673846e-05
Error at t* = 0.48361 is 2.660150e-05
Error at t* = 0.48387 is 2.646526e-05
Error at t* = 0.48413 is 2.632970e-05
Error at t* = 0.48439 is 2.619484e-05
Error at t* = 0.48465 is 2.606068e-05
Error at t* = 0.48491 is 2.592720e-05
Error at t* = 0.48517 is 2.579440e-05
Error at t* = 0.48543 is 2.566228e-05
Error at t* = 0.48569 is 2.553084e-05
Error at t* = 0.48595 is 2.540008e-05
Error at t* = 0.48621 is 2.526998e-05
Error at t* = 0.48647 is 2.514055e-05
Error at t* = 0.48673 is 2.501178e-05
Error at t* = 0.48699 is 2.488367e-05
Error at t* = 0.48725 is 2.475622e-05
Error at t* = 0.48751 is 2.462942e-05
Error at t* = 0.48777 is 2.450327e-05
Error at t* = 0.48803 is 2.437777e-05
Error at t* = 0.48829 is 2.425291e-05
Error at t* = 0.48855 is 2.412869e-05
Error at t* = 0.48881 is 2.400510e-05
Error at t* = 0.48907 is 2.388215e-05
Error at t* = 0.48933 is 2.375983e-05
Error at t* = 0.48959 is 2.363813e-05
Error at t* = 0.48985 is 2.351706e-05
Error at t* = 0.49011 is 2.339661e-05
Error at t* = 0.49037 is 2.327677e-05
Error at t* = 0.49063 is 2.315755e-05
Error at t* = 0.49089 is 2.303894e-05
Error at t* = 0.49116 is 2.292094e-05
Error at t* = 0.49142 is 2.280354e-05
Error at t* = 0.49168 is 2.268674e-05
Error at t* = 0.49194 is 2.257054e-05
Error at t* = 0.49220 is 2.245494e-05
Error at t* = 0.49246 is 2.233992e-05
Error at t* = 0.49272 is 2.222550e-05
Error at t* = 0.49298 is 2.211166e-05
Error at t* = 0.49324 is 2.199841e-05
Error at t* = 0.49350 is 2.188574e-05
Error at t* = 0.49376 is 2.177364e-05
Error at t* = 0.49402 is 2.166212e-05
Error at t* = 0.49428 is 2.155117e-05
Error at t* = 0.49454 is 2.144078e-05
Error at t* = 0.49480 is 2.133097e-05
Error at t* = 0.49506 is 2.122171e-05
Error at t* = 0.49532 is 2.111302e-05
Error at t* = 0.49558 is 2.100488e-05
Error at t* = 0.49584 is 2.089729e-05
Error at t* = 0.49610 is 2.079026e-05
Error at t* = 0.49636 is 2.068377e-05
Error at t* = 0.49662 is 2.057783e-05
Error at t* = 0.49688 is 2.047243e-05
Error at t* = 0.49714 is 2.036757e-05
Error at t* = 0.49740 is 2.026325e-05
Error at t* = 0.49766 is 2.015947e-05
Error at t* = 0.49792 is 2.005621e-05
Error at t* = 0.49818 is 1.995349e-05
Error at t* = 0.49844 is 1.985129e-05
Error at t* = 0.49870 is 1.974961e-05
Error at t* = 0.49896 is 1.964845e-05
Error at t* = 0.49922 is 1.954782e-05
Error at t* = 0.49948 is 1.944770e-05
Error at t* = 0.49974 is 1.934808e-05
